{"/home/travis/build/npmtest/node-npmtest-np/test.js":{"path":"/home/travis/build/npmtest/node-npmtest-np/test.js","s":{"1":2,"2":2,"3":2,"4":2,"5":2,"6":2,"7":2,"8":1,"9":2,"10":2,"11":1,"12":1,"13":1,"14":1,"15":2,"16":2,"17":2,"18":2,"19":1,"20":1,"21":2,"22":2,"23":2,"24":1,"25":1,"26":1,"27":1,"28":1,"29":1,"30":1,"31":1,"32":1,"33":1,"34":1,"35":1,"36":1,"37":1,"38":1,"39":2,"40":2,"41":1,"42":2,"43":2,"44":1,"45":2,"46":2,"47":1,"48":2,"49":2,"50":1,"51":1,"52":1,"53":1,"54":1},"b":{"1":[2,1,1,1],"2":[1,1,1,1],"3":[1,1],"4":[1,1],"5":[1,1],"6":[1,1],"7":[1,1],"8":[1,1],"9":[1,1],"10":[1,1,1],"11":[1,1],"12":[1,1],"13":[1,1],"14":[1,1],"15":[1,1],"16":[1,1],"17":[1,1]},"f":{"1":2,"2":2,"3":2,"4":2,"5":2,"6":1,"7":1,"8":1,"9":2,"10":2,"11":2,"12":2,"13":1},"fnMap":{"1":{"name":"(anonymous_1)","line":12,"loc":{"start":{"line":12,"column":1},"end":{"line":12,"column":13}}},"2":{"name":"(anonymous_2)","line":19,"loc":{"start":{"line":19,"column":5},"end":{"line":19,"column":17}}},"3":{"name":"(anonymous_3)","line":23,"loc":{"start":{"line":23,"column":24},"end":{"line":23,"column":36}}},"4":{"name":"(anonymous_4)","line":61,"loc":{"start":{"line":61,"column":5},"end":{"line":61,"column":17}}},"5":{"name":"(anonymous_5)","line":82,"loc":{"start":{"line":82,"column":5},"end":{"line":82,"column":17}}},"6":{"name":"(anonymous_6)","line":91,"loc":{"start":{"line":91,"column":77},"end":{"line":94,"column":10}}},"7":{"name":"(anonymous_7)","line":112,"loc":{"start":{"line":112,"column":83},"end":{"line":115,"column":10}},"skip":true},"8":{"name":"(anonymous_8)","line":123,"loc":{"start":{"line":123,"column":77},"end":{"line":126,"column":10}},"skip":true},"9":{"name":"(anonymous_9)","line":139,"loc":{"start":{"line":139,"column":12},"end":{"line":139,"column":40}},"skip":true},"10":{"name":"(anonymous_10)","line":147,"loc":{"start":{"line":147,"column":77},"end":{"line":150,"column":10}},"skip":true},"11":{"name":"(anonymous_11)","line":158,"loc":{"start":{"line":158,"column":83},"end":{"line":161,"column":10}},"skip":true},"12":{"name":"(anonymous_12)","line":169,"loc":{"start":{"line":169,"column":79},"end":{"line":172,"column":10}},"skip":true},"13":{"name":"(anonymous_13)","line":180,"loc":{"start":{"line":180,"column":75},"end":{"line":183,"column":10}},"skip":true}},"statementMap":{"1":{"start":{"line":12,"column":0},"end":{"line":195,"column":5}},"2":{"start":{"line":14,"column":4},"end":{"line":14,"column":14}},"3":{"start":{"line":19,"column":4},"end":{"line":56,"column":9}},"4":{"start":{"line":21,"column":8},"end":{"line":21,"column":19}},"5":{"start":{"line":23,"column":8},"end":{"line":35,"column":13}},"6":{"start":{"line":24,"column":12},"end":{"line":34,"column":13}},"7":{"start":{"line":25,"column":16},"end":{"line":28,"column":30}},"8":{"start":{"line":30,"column":16},"end":{"line":33,"column":27}},"9":{"start":{"line":37,"column":8},"end":{"line":39,"column":21}},"10":{"start":{"line":40,"column":8},"end":{"line":53,"column":9}},"11":{"start":{"line":43,"column":12},"end":{"line":46,"column":14}},"12":{"start":{"line":47,"column":12},"end":{"line":47,"column":18}},"13":{"start":{"line":50,"column":12},"end":{"line":51,"column":33}},"14":{"start":{"line":52,"column":12},"end":{"line":52,"column":18}},"15":{"start":{"line":55,"column":8},"end":{"line":55,"column":35}},"16":{"start":{"line":61,"column":4},"end":{"line":63,"column":9}},"17":{"start":{"line":62,"column":8},"end":{"line":62,"column":15}},"18":{"start":{"line":64,"column":4},"end":{"line":77,"column":5}},"19":{"start":{"line":70,"column":8},"end":{"line":70,"column":14}},"20":{"start":{"line":76,"column":8},"end":{"line":76,"column":14}},"21":{"start":{"line":82,"column":4},"end":{"line":84,"column":9}},"22":{"start":{"line":83,"column":8},"end":{"line":83,"column":15}},"23":{"start":{"line":85,"column":4},"end":{"line":194,"column":5}},"24":{"start":{"line":91,"column":8},"end":{"line":99,"column":10}},"25":{"start":{"line":98,"column":12},"end":{"line":98,"column":35}},"26":{"start":{"line":102,"column":8},"end":{"line":104,"column":63}},"27":{"start":{"line":105,"column":8},"end":{"line":105,"column":14}},"28":{"start":{"line":112,"column":8},"end":{"line":121,"column":10},"skip":true},"29":{"start":{"line":119,"column":12},"end":{"line":119,"column":55},"skip":true},"30":{"start":{"line":120,"column":12},"end":{"line":120,"column":48},"skip":true},"31":{"start":{"line":123,"column":8},"end":{"line":136,"column":10},"skip":true},"32":{"start":{"line":130,"column":12},"end":{"line":130,"column":76},"skip":true},"33":{"start":{"line":131,"column":12},"end":{"line":131,"column":73},"skip":true},"34":{"start":{"line":132,"column":12},"end":{"line":132,"column":74},"skip":true},"35":{"start":{"line":133,"column":12},"end":{"line":133,"column":79},"skip":true},"36":{"start":{"line":134,"column":12},"end":{"line":134,"column":25},"skip":true},"37":{"start":{"line":135,"column":12},"end":{"line":135,"column":45},"skip":true},"38":{"start":{"line":138,"column":8},"end":{"line":145,"column":14},"skip":true},"39":{"start":{"line":143,"column":16},"end":{"line":143,"column":29},"skip":true},"40":{"start":{"line":144,"column":16},"end":{"line":144,"column":55},"skip":true},"41":{"start":{"line":147,"column":8},"end":{"line":156,"column":10},"skip":true},"42":{"start":{"line":154,"column":12},"end":{"line":154,"column":25},"skip":true},"43":{"start":{"line":155,"column":12},"end":{"line":155,"column":45},"skip":true},"44":{"start":{"line":158,"column":8},"end":{"line":167,"column":10},"skip":true},"45":{"start":{"line":165,"column":12},"end":{"line":165,"column":25},"skip":true},"46":{"start":{"line":166,"column":12},"end":{"line":166,"column":48},"skip":true},"47":{"start":{"line":169,"column":8},"end":{"line":178,"column":10},"skip":true},"48":{"start":{"line":176,"column":12},"end":{"line":176,"column":25},"skip":true},"49":{"start":{"line":177,"column":12},"end":{"line":177,"column":46},"skip":true},"50":{"start":{"line":180,"column":8},"end":{"line":189,"column":10},"skip":true},"51":{"start":{"line":187,"column":12},"end":{"line":187,"column":94},"skip":true},"52":{"start":{"line":188,"column":12},"end":{"line":188,"column":48},"skip":true},"53":{"start":{"line":192,"column":8},"end":{"line":192,"column":35},"skip":true},"54":{"start":{"line":193,"column":8},"end":{"line":193,"column":14},"skip":true}},"branchMap":{"1":{"line":25,"type":"binary-expr","locations":[{"start":{"line":25,"column":23},"end":{"line":25,"column":62}},{"start":{"line":26,"column":20},"end":{"line":26,"column":70}},{"start":{"line":27,"column":20},"end":{"line":27,"column":71}},{"start":{"line":28,"column":20},"end":{"line":28,"column":29}}]},"2":{"line":30,"type":"binary-expr","locations":[{"start":{"line":30,"column":23},"end":{"line":30,"column":37}},{"start":{"line":31,"column":20},"end":{"line":31,"column":61}},{"start":{"line":32,"column":20},"end":{"line":32,"column":70}},{"start":{"line":33,"column":20},"end":{"line":33,"column":26}}]},"3":{"line":37,"type":"cond-expr","locations":[{"start":{"line":38,"column":14},"end":{"line":38,"column":20}},{"start":{"line":39,"column":14},"end":{"line":39,"column":20}}]},"4":{"line":40,"type":"switch","locations":[{"start":{"line":42,"column":8},"end":{"line":47,"column":18}},{"start":{"line":49,"column":8},"end":{"line":52,"column":18}}]},"5":{"line":44,"type":"binary-expr","locations":[{"start":{"line":44,"column":16},"end":{"line":44,"column":44}},{"start":{"line":44,"column":48},"end":{"line":44,"column":66}}]},"6":{"line":50,"type":"binary-expr","locations":[{"start":{"line":50,"column":21},"end":{"line":50,"column":49}},{"start":{"line":50,"column":53},"end":{"line":50,"column":72}}]},"7":{"line":64,"type":"switch","locations":[{"start":{"line":69,"column":4},"end":{"line":70,"column":14}},{"start":{"line":75,"column":4},"end":{"line":76,"column":14}}]},"8":{"line":85,"type":"switch","locations":[{"start":{"line":90,"column":4},"end":{"line":105,"column":14}},{"start":{"line":111,"column":4},"end":{"line":193,"column":14},"skip":true}]},"9":{"line":91,"type":"binary-expr","locations":[{"start":{"line":91,"column":42},"end":{"line":91,"column":73}},{"start":{"line":91,"column":77},"end":{"line":99,"column":9}}]},"10":{"line":102,"type":"binary-expr","locations":[{"start":{"line":102,"column":18},"end":{"line":102,"column":32}},{"start":{"line":103,"column":12},"end":{"line":103,"column":53}},{"start":{"line":104,"column":12},"end":{"line":104,"column":61}}]},"11":{"line":112,"type":"binary-expr","locations":[{"start":{"line":112,"column":45},"end":{"line":112,"column":79},"skip":true},{"start":{"line":112,"column":83},"end":{"line":121,"column":9},"skip":true}]},"12":{"line":123,"type":"binary-expr","locations":[{"start":{"line":123,"column":42},"end":{"line":123,"column":73},"skip":true},{"start":{"line":123,"column":77},"end":{"line":136,"column":9},"skip":true}]},"13":{"line":138,"type":"binary-expr","locations":[{"start":{"line":138,"column":48},"end":{"line":138,"column":85},"skip":true},{"start":{"line":139,"column":12},"end":{"line":145,"column":13},"skip":true}]},"14":{"line":147,"type":"binary-expr","locations":[{"start":{"line":147,"column":42},"end":{"line":147,"column":73},"skip":true},{"start":{"line":147,"column":77},"end":{"line":156,"column":9},"skip":true}]},"15":{"line":158,"type":"binary-expr","locations":[{"start":{"line":158,"column":45},"end":{"line":158,"column":79},"skip":true},{"start":{"line":158,"column":83},"end":{"line":167,"column":9},"skip":true}]},"16":{"line":169,"type":"binary-expr","locations":[{"start":{"line":169,"column":43},"end":{"line":169,"column":75},"skip":true},{"start":{"line":169,"column":79},"end":{"line":178,"column":9},"skip":true}]},"17":{"line":180,"type":"binary-expr","locations":[{"start":{"line":180,"column":41},"end":{"line":180,"column":71},"skip":true},{"start":{"line":180,"column":75},"end":{"line":189,"column":9},"skip":true}]}},"code":["/* istanbul instrument in package npmtest_np */","/*jslint","    bitwise: true,","    browser: true,","    maxerr: 8,","    maxlen: 96,","    node: true,","    nomen: true,","    regexp: true,","    stupid: true","*/","(function () {","    'use strict';","    var local;","","","","    // run shared js-env code - pre-init","    (function () {","        // init local","        local = {};","        // init modeJs","        local.modeJs = (function () {","            try {","                return typeof navigator.userAgent === 'string' &&","                    typeof document.querySelector('body') === 'object' &&","                    typeof XMLHttpRequest.prototype.open === 'function' &&","                    'browser';","            } catch (errorCaughtBrowser) {","                return module.exports &&","                    typeof process.versions.node === 'string' &&","                    typeof require('http').createServer === 'function' &&","                    'node';","            }","        }());","        // init global","        local.global = local.modeJs === 'browser'","            ? window","            : global;","        switch (local.modeJs) {","        // re-init local from window.local","        case 'browser':","            local = local.global.utility2.objectSetDefault(","                local.global.utility2_rollup || local.global.local,","                local.global.utility2","            );","            break;","        // re-init local from example.js","        case 'node':","            local = (local.global.utility2_rollup || require('utility2'))","                .requireReadme();","            break;","        }","        // export local","        local.global.local = local;","    }());","","","","    // run shared js-env code - function","    (function () {","        return;","    }());","    switch (local.modeJs) {","","","","    // run browser js-env code - function","    case 'browser':","        break;","","","","    // run node js-env code - function","    case 'node':","        break;","    }","","","","    // run shared js-env code - post-init","    (function () {","        return;","    }());","    switch (local.modeJs) {","","","","    // run browser js-env code - post-init","    case 'browser':","        local.testCase_browser_nullCase = local.testCase_browser_nullCase || function (","            options,","            onError","        ) {","        /*","         * this function will test browsers's null-case handling-behavior-behavior","         */","            onError(null, options);","        };","","        // run tests","        local.nop(local.modeTest &&","            document.querySelector('#testRunButton1') &&","            document.querySelector('#testRunButton1').click());","        break;","","","","    // run node js-env code - post-init","    /* istanbul ignore next */","    case 'node':","        local.testCase_buildApidoc_default = local.testCase_buildApidoc_default || function (","            options,","            onError","        ) {","        /*","         * this function will test buildApidoc's default handling-behavior-behavior","         */","            options = { modulePathList: module.paths };","            local.buildApidoc(options, onError);","        };","","        local.testCase_buildApp_default = local.testCase_buildApp_default || function (","            options,","            onError","        ) {","        /*","         * this function will test buildApp's default handling-behavior-behavior","         */","            local.testCase_buildReadme_default(options, local.onErrorThrow);","            local.testCase_buildLib_default(options, local.onErrorThrow);","            local.testCase_buildTest_default(options, local.onErrorThrow);","            local.testCase_buildCustomOrg_default(options, local.onErrorThrow);","            options = [];","            local.buildApp(options, onError);","        };","","        local.testCase_buildCustomOrg_default = local.testCase_buildCustomOrg_default ||","            function (options, onError) {","            /*","             * this function will test buildCustomOrg's default handling-behavior","             */","                options = {};","                local.buildCustomOrg(options, onError);","            };","","        local.testCase_buildLib_default = local.testCase_buildLib_default || function (","            options,","            onError","        ) {","        /*","         * this function will test buildLib's default handling-behavior","         */","            options = {};","            local.buildLib(options, onError);","        };","","        local.testCase_buildReadme_default = local.testCase_buildReadme_default || function (","            options,","            onError","        ) {","        /*","         * this function will test buildReadme's default handling-behavior-behavior","         */","            options = {};","            local.buildReadme(options, onError);","        };","","        local.testCase_buildTest_default = local.testCase_buildTest_default || function (","            options,","            onError","        ) {","        /*","         * this function will test buildTest's default handling-behavior","         */","            options = {};","            local.buildTest(options, onError);","        };","","        local.testCase_webpage_default = local.testCase_webpage_default || function (","            options,","            onError","        ) {","        /*","         * this function will test webpage's default handling-behavior","         */","            options = { modeCoverageMerge: true, url: local.serverLocalHost + '?modeTest=1' };","            local.browserTest(options, onError);","        };","","        // run test-server","        local.testRunServer(local);","        break;","    }","}());",""],"l":{"12":2,"14":2,"19":2,"21":2,"23":2,"24":2,"25":2,"30":1,"37":2,"40":2,"43":1,"47":1,"50":1,"52":1,"55":2,"61":2,"62":2,"64":2,"70":1,"76":1,"82":2,"83":2,"85":2,"91":1,"98":1,"102":1,"105":1,"112":1,"119":1,"120":1,"123":1,"130":1,"131":1,"132":1,"133":1,"134":1,"135":1,"138":1,"143":2,"144":2,"147":1,"154":2,"155":2,"158":1,"165":2,"166":2,"169":1,"176":2,"177":2,"180":1,"187":1,"188":1,"192":1,"193":1}},"/home/travis/build/npmtest/node-npmtest-np/lib.npmtest_np.js":{"path":"/home/travis/build/npmtest/node-npmtest-np/lib.npmtest_np.js","s":{"1":2,"2":2,"3":2,"4":2,"5":2,"6":2,"7":2,"8":1,"9":2,"10":2,"11":2,"12":2,"13":1,"14":1,"15":1,"16":1},"b":{"1":[2,1,1,1],"2":[1,1,1,1],"3":[1,1],"4":[2,2],"5":[1,1]},"f":{"1":2,"2":2,"3":2},"fnMap":{"1":{"name":"(anonymous_1)","line":12,"loc":{"start":{"line":12,"column":1},"end":{"line":12,"column":13}}},"2":{"name":"(anonymous_2)","line":19,"loc":{"start":{"line":19,"column":5},"end":{"line":19,"column":17}}},"3":{"name":"(anonymous_3)","line":23,"loc":{"start":{"line":23,"column":24},"end":{"line":23,"column":36}}}},"statementMap":{"1":{"start":{"line":12,"column":0},"end":{"line":53,"column":5}},"2":{"start":{"line":14,"column":4},"end":{"line":14,"column":14}},"3":{"start":{"line":19,"column":4},"end":{"line":52,"column":9}},"4":{"start":{"line":21,"column":8},"end":{"line":21,"column":19}},"5":{"start":{"line":23,"column":8},"end":{"line":35,"column":13}},"6":{"start":{"line":24,"column":12},"end":{"line":34,"column":13}},"7":{"start":{"line":25,"column":16},"end":{"line":28,"column":30}},"8":{"start":{"line":30,"column":16},"end":{"line":33,"column":27}},"9":{"start":{"line":37,"column":8},"end":{"line":39,"column":21}},"10":{"start":{"line":41,"column":8},"end":{"line":41,"column":54}},"11":{"start":{"line":43,"column":8},"end":{"line":43,"column":47}},"12":{"start":{"line":45,"column":8},"end":{"line":51,"column":9}},"13":{"start":{"line":46,"column":12},"end":{"line":46,"column":53}},"14":{"start":{"line":48,"column":12},"end":{"line":48,"column":35}},"15":{"start":{"line":49,"column":12},"end":{"line":49,"column":49}},"16":{"start":{"line":50,"column":12},"end":{"line":50,"column":43}}},"branchMap":{"1":{"line":25,"type":"binary-expr","locations":[{"start":{"line":25,"column":23},"end":{"line":25,"column":62}},{"start":{"line":26,"column":20},"end":{"line":26,"column":70}},{"start":{"line":27,"column":20},"end":{"line":27,"column":71}},{"start":{"line":28,"column":20},"end":{"line":28,"column":29}}]},"2":{"line":30,"type":"binary-expr","locations":[{"start":{"line":30,"column":23},"end":{"line":30,"column":37}},{"start":{"line":31,"column":20},"end":{"line":31,"column":61}},{"start":{"line":32,"column":20},"end":{"line":32,"column":70}},{"start":{"line":33,"column":20},"end":{"line":33,"column":26}}]},"3":{"line":37,"type":"cond-expr","locations":[{"start":{"line":38,"column":14},"end":{"line":38,"column":20}},{"start":{"line":39,"column":14},"end":{"line":39,"column":20}}]},"4":{"line":41,"type":"binary-expr","locations":[{"start":{"line":41,"column":16},"end":{"line":41,"column":44}},{"start":{"line":41,"column":48},"end":{"line":41,"column":53}}]},"5":{"line":45,"type":"if","locations":[{"start":{"line":45,"column":8},"end":{"line":45,"column":8}},{"start":{"line":45,"column":8},"end":{"line":45,"column":8}}]}},"code":["/* istanbul instrument in package npmtest_np */","/*jslint","    bitwise: true,","    browser: true,","    maxerr: 8,","    maxlen: 96,","    node: true,","    nomen: true,","    regexp: true,","    stupid: true","*/","(function () {","    'use strict';","    var local;","","","","    // run shared js-env code - pre-init","    (function () {","        // init local","        local = {};","        // init modeJs","        local.modeJs = (function () {","            try {","                return typeof navigator.userAgent === 'string' &&","                    typeof document.querySelector('body') === 'object' &&","                    typeof XMLHttpRequest.prototype.open === 'function' &&","                    'browser';","            } catch (errorCaughtBrowser) {","                return module.exports &&","                    typeof process.versions.node === 'string' &&","                    typeof require('http').createServer === 'function' &&","                    'node';","            }","        }());","        // init global","        local.global = local.modeJs === 'browser'","            ? window","            : global;","        // init utility2_rollup","        local = local.global.utility2_rollup || local;","        // init lib","        local.local = local.npmtest_np = local;","        // init exports","        if (local.modeJs === 'browser') {","            local.global.utility2_npmtest_np = local;","        } else {","            module.exports = local;","            module.exports.__dirname = __dirname;","            module.exports.module = module;","        }","    }());","}());",""],"l":{"12":2,"14":2,"19":2,"21":2,"23":2,"24":2,"25":2,"30":1,"37":2,"41":2,"43":2,"45":2,"46":1,"48":1,"49":1,"50":1}},"/home/travis/build/npmtest/node-npmtest-np/example.js":{"path":"/home/travis/build/npmtest/node-npmtest-np/example.js","s":{"1":2,"2":2,"3":2,"4":2,"5":2,"6":2,"7":2,"8":1,"9":2,"10":2,"11":2,"12":2,"13":1,"14":2,"15":2,"16":2,"17":2,"18":2,"19":0,"20":2,"21":1,"22":1,"23":1,"24":1,"25":1,"26":0,"27":0,"28":1,"29":1,"30":2,"31":0,"32":0,"33":0,"34":1,"35":2,"36":2,"37":3,"38":3,"39":3,"40":3,"41":0,"42":3,"43":3,"44":3,"45":1,"46":3,"47":1,"48":1,"49":1,"50":1,"51":1,"52":1,"53":1,"54":1,"55":1,"56":1,"57":0,"58":1,"59":6,"60":6,"61":1,"62":2,"63":0,"64":2,"65":1,"66":1,"67":0,"68":0,"69":0,"70":0,"71":0,"72":0,"73":0,"74":0,"75":0,"76":0,"77":0,"78":0,"79":0,"80":0,"81":0,"82":0,"83":0},"b":{"1":[2,1,1,1],"2":[1,1,1,1],"3":[1,1],"4":[2,2],"5":[1,1],"6":[1,1],"7":[2,0],"8":[2,1,1,1,1,1],"9":[0,2,0],"10":[1,1],"11":[2,1,1],"12":[1,0],"13":[0,2],"14":[2,0,0,0,0,0,0],"15":[0,3],"16":[3,0],"17":[1,1],"18":[0,1],"19":[1,2,0,2],"20":[1,0],"21":[1,1],"22":[0,0],"23":[0,0],"24":[0,0],"25":[0,0],"26":[0,0],"27":[0,0],"28":[0,0]},"f":{"1":2,"2":2,"3":2,"4":2,"5":2,"6":2,"7":3,"8":3,"9":3,"10":1,"11":6,"12":0},"fnMap":{"1":{"name":"(anonymous_1)","line":26,"loc":{"start":{"line":26,"column":1},"end":{"line":26,"column":13}}},"2":{"name":"(anonymous_2)","line":33,"loc":{"start":{"line":33,"column":5},"end":{"line":33,"column":17}}},"3":{"name":"(anonymous_3)","line":37,"loc":{"start":{"line":37,"column":24},"end":{"line":37,"column":36}}},"4":{"name":"(anonymous_4)","line":69,"loc":{"start":{"line":69,"column":31},"end":{"line":69,"column":48}},"skip":true},"5":{"name":"(anonymous_5)","line":78,"loc":{"start":{"line":78,"column":26},"end":{"line":78,"column":45}},"skip":true},"6":{"name":"(anonymous_6)","line":123,"loc":{"start":{"line":123,"column":33},"end":{"line":123,"column":48}},"skip":true},"7":{"name":"(anonymous_7)","line":125,"loc":{"start":{"line":125,"column":27},"end":{"line":125,"column":39}},"skip":true},"8":{"name":"(anonymous_8)","line":133,"loc":{"start":{"line":133,"column":59},"end":{"line":133,"column":74}},"skip":true},"9":{"name":"(anonymous_9)","line":143,"loc":{"start":{"line":143,"column":45},"end":{"line":143,"column":62}},"skip":true},"10":{"name":"(anonymous_10)","line":144,"loc":{"start":{"line":144,"column":73},"end":{"line":144,"column":92}},"skip":true},"11":{"name":"(anonymous_11)","line":272,"loc":{"start":{"line":272,"column":51},"end":{"line":272,"column":77}},"skip":true},"12":{"name":"(anonymous_12)","line":315,"loc":{"start":{"line":315,"column":32},"end":{"line":315,"column":61}},"skip":true}},"statementMap":{"1":{"start":{"line":26,"column":0},"end":{"line":326,"column":5}},"2":{"start":{"line":28,"column":4},"end":{"line":28,"column":14}},"3":{"start":{"line":33,"column":4},"end":{"line":60,"column":9}},"4":{"start":{"line":35,"column":8},"end":{"line":35,"column":19}},"5":{"start":{"line":37,"column":8},"end":{"line":49,"column":13}},"6":{"start":{"line":38,"column":12},"end":{"line":48,"column":13}},"7":{"start":{"line":39,"column":16},"end":{"line":42,"column":30}},"8":{"start":{"line":44,"column":16},"end":{"line":47,"column":27}},"9":{"start":{"line":51,"column":8},"end":{"line":53,"column":21}},"10":{"start":{"line":55,"column":8},"end":{"line":57,"column":45}},"11":{"start":{"line":59,"column":8},"end":{"line":59,"column":35}},"12":{"start":{"line":61,"column":4},"end":{"line":325,"column":5}},"13":{"start":{"line":69,"column":8},"end":{"line":121,"column":10},"skip":true},"14":{"start":{"line":70,"column":12},"end":{"line":88,"column":13},"skip":true},"15":{"start":{"line":76,"column":16},"end":{"line":87,"column":19},"skip":true},"16":{"start":{"line":79,"column":20},"end":{"line":86,"column":21},"skip":true},"17":{"start":{"line":82,"column":24},"end":{"line":82,"column":43},"skip":true},"18":{"start":{"line":83,"column":24},"end":{"line":83,"column":30},"skip":true},"19":{"start":{"line":85,"column":24},"end":{"line":85,"column":49},"skip":true},"20":{"start":{"line":89,"column":12},"end":{"line":107,"column":13},"skip":true},"21":{"start":{"line":92,"column":16},"end":{"line":102,"column":17},"skip":true},"22":{"start":{"line":93,"column":20},"end":{"line":93,"column":86},"skip":true},"23":{"start":{"line":94,"column":20},"end":{"line":95,"column":45},"skip":true},"24":{"start":{"line":96,"column":20},"end":{"line":96,"column":42},"skip":true},"25":{"start":{"line":97,"column":20},"end":{"line":97,"column":48},"skip":true},"26":{"start":{"line":100,"column":20},"end":{"line":100,"column":85},"skip":true},"27":{"start":{"line":101,"column":20},"end":{"line":101,"column":96},"skip":true},"28":{"start":{"line":103,"column":16},"end":{"line":103,"column":22},"skip":true},"29":{"start":{"line":106,"column":16},"end":{"line":106,"column":22},"skip":true},"30":{"start":{"line":108,"column":12},"end":{"line":120,"column":13},"skip":true},"31":{"start":{"line":114,"column":16},"end":{"line":119,"column":17},"skip":true},"32":{"start":{"line":116,"column":20},"end":{"line":116,"column":78},"skip":true},"33":{"start":{"line":118,"column":20},"end":{"line":118,"column":47},"skip":true},"34":{"start":{"line":123,"column":8},"end":{"line":141,"column":11},"skip":true},"35":{"start":{"line":124,"column":12},"end":{"line":124,"column":54},"skip":true},"36":{"start":{"line":125,"column":12},"end":{"line":140,"column":14},"skip":true},"37":{"start":{"line":126,"column":16},"end":{"line":126,"column":28},"skip":true},"38":{"start":{"line":127,"column":16},"end":{"line":127,"column":69},"skip":true},"39":{"start":{"line":128,"column":16},"end":{"line":128,"column":75},"skip":true},"40":{"start":{"line":129,"column":16},"end":{"line":131,"column":17},"skip":true},"41":{"start":{"line":130,"column":20},"end":{"line":130,"column":27},"skip":true},"42":{"start":{"line":133,"column":16},"end":{"line":137,"column":36},"skip":true},"43":{"start":{"line":134,"column":20},"end":{"line":136,"column":55},"skip":true},"44":{"start":{"line":139,"column":16},"end":{"line":139,"column":57},"skip":true},"45":{"start":{"line":143,"column":8},"end":{"line":147,"column":11},"skip":true},"46":{"start":{"line":144,"column":12},"end":{"line":146,"column":15},"skip":true},"47":{"start":{"line":145,"column":16},"end":{"line":145,"column":70},"skip":true},"48":{"start":{"line":149,"column":8},"end":{"line":149,"column":31},"skip":true},"49":{"start":{"line":150,"column":8},"end":{"line":150,"column":14},"skip":true},"50":{"start":{"line":158,"column":8},"end":{"line":158,"column":31},"skip":true},"51":{"start":{"line":160,"column":8},"end":{"line":160,"column":33},"skip":true},"52":{"start":{"line":161,"column":8},"end":{"line":161,"column":37},"skip":true},"53":{"start":{"line":162,"column":8},"end":{"line":162,"column":35},"skip":true},"54":{"start":{"line":164,"column":8},"end":{"line":164,"column":50},"skip":true},"55":{"start":{"line":166,"column":8},"end":{"line":256,"column":2},"skip":true},"56":{"start":{"line":258,"column":8},"end":{"line":286,"column":9},"skip":true},"57":{"start":{"line":259,"column":12},"end":{"line":269,"column":14},"skip":true},"58":{"start":{"line":271,"column":12},"end":{"line":285,"column":19},"skip":true},"59":{"start":{"line":274,"column":20},"end":{"line":274,"column":35},"skip":true},"60":{"start":{"line":275,"column":20},"end":{"line":284,"column":21},"skip":true},"61":{"start":{"line":277,"column":24},"end":{"line":277,"column":64},"skip":true},"62":{"start":{"line":279,"column":24},"end":{"line":279,"column":40},"skip":true},"63":{"start":{"line":281,"column":24},"end":{"line":281,"column":40},"skip":true},"64":{"start":{"line":283,"column":24},"end":{"line":283,"column":39},"skip":true},"65":{"start":{"line":288,"column":8},"end":{"line":290,"column":9},"skip":true},"66":{"start":{"line":289,"column":12},"end":{"line":289,"column":18},"skip":true},"67":{"start":{"line":291,"column":8},"end":{"line":293,"column":54},"skip":true},"68":{"start":{"line":296,"column":8},"end":{"line":301,"column":37},"skip":true},"69":{"start":{"line":303,"column":8},"end":{"line":303,"column":82},"skip":true},"70":{"start":{"line":306,"column":8},"end":{"line":308,"column":9},"skip":true},"71":{"start":{"line":307,"column":12},"end":{"line":307,"column":82},"skip":true},"72":{"start":{"line":310,"column":8},"end":{"line":312,"column":9},"skip":true},"73":{"start":{"line":311,"column":12},"end":{"line":311,"column":18},"skip":true},"74":{"start":{"line":313,"column":8},"end":{"line":313,"column":54},"skip":true},"75":{"start":{"line":314,"column":8},"end":{"line":314,"column":69},"skip":true},"76":{"start":{"line":315,"column":8},"end":{"line":323,"column":36},"skip":true},"77":{"start":{"line":316,"column":12},"end":{"line":316,"column":61},"skip":true},"78":{"start":{"line":317,"column":12},"end":{"line":320,"column":13},"skip":true},"79":{"start":{"line":318,"column":16},"end":{"line":318,"column":75},"skip":true},"80":{"start":{"line":319,"column":16},"end":{"line":319,"column":23},"skip":true},"81":{"start":{"line":321,"column":12},"end":{"line":321,"column":38},"skip":true},"82":{"start":{"line":322,"column":12},"end":{"line":322,"column":27},"skip":true},"83":{"start":{"line":324,"column":8},"end":{"line":324,"column":14},"skip":true}},"branchMap":{"1":{"line":39,"type":"binary-expr","locations":[{"start":{"line":39,"column":23},"end":{"line":39,"column":62}},{"start":{"line":40,"column":20},"end":{"line":40,"column":70}},{"start":{"line":41,"column":20},"end":{"line":41,"column":71}},{"start":{"line":42,"column":20},"end":{"line":42,"column":29}}]},"2":{"line":44,"type":"binary-expr","locations":[{"start":{"line":44,"column":23},"end":{"line":44,"column":37}},{"start":{"line":45,"column":20},"end":{"line":45,"column":61}},{"start":{"line":46,"column":20},"end":{"line":46,"column":70}},{"start":{"line":47,"column":20},"end":{"line":47,"column":26}}]},"3":{"line":51,"type":"cond-expr","locations":[{"start":{"line":52,"column":14},"end":{"line":52,"column":20}},{"start":{"line":53,"column":14},"end":{"line":53,"column":20}}]},"4":{"line":55,"type":"binary-expr","locations":[{"start":{"line":55,"column":16},"end":{"line":55,"column":44}},{"start":{"line":55,"column":49},"end":{"line":57,"column":43}}]},"5":{"line":55,"type":"cond-expr","locations":[{"start":{"line":56,"column":14},"end":{"line":56,"column":46}},{"start":{"line":57,"column":14},"end":{"line":57,"column":43}}]},"6":{"line":61,"type":"switch","locations":[{"start":{"line":68,"column":4},"end":{"line":150,"column":14},"skip":true},{"start":{"line":156,"column":4},"end":{"line":324,"column":14},"skip":true}]},"7":{"line":70,"type":"if","locations":[{"start":{"line":70,"column":12},"end":{"line":70,"column":12},"skip":true},{"start":{"line":70,"column":12},"end":{"line":70,"column":12},"skip":true}]},"8":{"line":70,"type":"binary-expr","locations":[{"start":{"line":70,"column":16},"end":{"line":70,"column":22},"skip":true},{"start":{"line":70,"column":27},"end":{"line":70,"column":32},"skip":true},{"start":{"line":71,"column":20},"end":{"line":71,"column":39},"skip":true},{"start":{"line":72,"column":20},"end":{"line":72,"column":49},"skip":true},{"start":{"line":73,"column":20},"end":{"line":73,"column":58},"skip":true},{"start":{"line":74,"column":20},"end":{"line":74,"column":69},"skip":true}]},"9":{"line":79,"type":"switch","locations":[{"start":{"line":80,"column":20},"end":{"line":80,"column":33},"skip":true},{"start":{"line":81,"column":20},"end":{"line":83,"column":30},"skip":true},{"start":{"line":84,"column":20},"end":{"line":85,"column":49},"skip":true}]},"10":{"line":89,"type":"switch","locations":[{"start":{"line":90,"column":12},"end":{"line":103,"column":22},"skip":true},{"start":{"line":105,"column":12},"end":{"line":106,"column":22},"skip":true}]},"11":{"line":89,"type":"binary-expr","locations":[{"start":{"line":89,"column":20},"end":{"line":89,"column":25},"skip":true},{"start":{"line":89,"column":29},"end":{"line":89,"column":48},"skip":true},{"start":{"line":89,"column":52},"end":{"line":89,"column":74},"skip":true}]},"12":{"line":92,"type":"if","locations":[{"start":{"line":92,"column":16},"end":{"line":92,"column":16},"skip":true},{"start":{"line":92,"column":16},"end":{"line":92,"column":16},"skip":true}]},"13":{"line":108,"type":"if","locations":[{"start":{"line":108,"column":12},"end":{"line":108,"column":12},"skip":true},{"start":{"line":108,"column":12},"end":{"line":108,"column":12},"skip":true}]},"14":{"line":108,"type":"binary-expr","locations":[{"start":{"line":108,"column":16},"end":{"line":108,"column":61},"skip":true},{"start":{"line":108,"column":66},"end":{"line":108,"column":72},"skip":true},{"start":{"line":108,"column":77},"end":{"line":108,"column":82},"skip":true},{"start":{"line":109,"column":20},"end":{"line":109,"column":39},"skip":true},{"start":{"line":110,"column":20},"end":{"line":110,"column":49},"skip":true},{"start":{"line":111,"column":20},"end":{"line":111,"column":58},"skip":true},{"start":{"line":112,"column":20},"end":{"line":112,"column":68},"skip":true}]},"15":{"line":129,"type":"if","locations":[{"start":{"line":129,"column":16},"end":{"line":129,"column":16},"skip":true},{"start":{"line":129,"column":16},"end":{"line":129,"column":16},"skip":true}]},"16":{"line":134,"type":"cond-expr","locations":[{"start":{"line":135,"column":26},"end":{"line":135,"column":29},"skip":true},{"start":{"line":136,"column":26},"end":{"line":136,"column":54},"skip":true}]},"17":{"line":164,"type":"binary-expr","locations":[{"start":{"line":164,"column":27},"end":{"line":164,"column":43},"skip":true},{"start":{"line":164,"column":47},"end":{"line":164,"column":49},"skip":true}]},"18":{"line":258,"type":"if","locations":[{"start":{"line":258,"column":8},"end":{"line":258,"column":8},"skip":true},{"start":{"line":258,"column":8},"end":{"line":258,"column":8},"skip":true}]},"19":{"line":275,"type":"switch","locations":[{"start":{"line":276,"column":20},"end":{"line":277,"column":64},"skip":true},{"start":{"line":278,"column":20},"end":{"line":279,"column":40},"skip":true},{"start":{"line":280,"column":20},"end":{"line":281,"column":40},"skip":true},{"start":{"line":282,"column":20},"end":{"line":283,"column":39},"skip":true}]},"20":{"line":288,"type":"if","locations":[{"start":{"line":288,"column":8},"end":{"line":288,"column":8},"skip":true},{"start":{"line":288,"column":8},"end":{"line":288,"column":8},"skip":true}]},"21":{"line":288,"type":"binary-expr","locations":[{"start":{"line":288,"column":12},"end":{"line":288,"column":40},"skip":true},{"start":{"line":288,"column":44},"end":{"line":288,"column":67},"skip":true}]},"22":{"line":292,"type":"binary-expr","locations":[{"start":{"line":292,"column":12},"end":{"line":292,"column":50},"skip":true},{"start":{"line":293,"column":12},"end":{"line":293,"column":53},"skip":true}]},"23":{"line":297,"type":"binary-expr","locations":[{"start":{"line":297,"column":12},"end":{"line":297,"column":60},"skip":true},{"start":{"line":298,"column":12},"end":{"line":301,"column":36},"skip":true}]},"24":{"line":303,"type":"binary-expr","locations":[{"start":{"line":303,"column":43},"end":{"line":303,"column":75},"skip":true},{"start":{"line":303,"column":79},"end":{"line":303,"column":81},"skip":true}]},"25":{"line":306,"type":"if","locations":[{"start":{"line":306,"column":8},"end":{"line":306,"column":8},"skip":true},{"start":{"line":306,"column":8},"end":{"line":306,"column":8},"skip":true}]},"26":{"line":310,"type":"if","locations":[{"start":{"line":310,"column":8},"end":{"line":310,"column":8},"skip":true},{"start":{"line":310,"column":8},"end":{"line":310,"column":8},"skip":true}]},"27":{"line":313,"type":"binary-expr","locations":[{"start":{"line":313,"column":27},"end":{"line":313,"column":43},"skip":true},{"start":{"line":313,"column":47},"end":{"line":313,"column":53},"skip":true}]},"28":{"line":317,"type":"if","locations":[{"start":{"line":317,"column":12},"end":{"line":317,"column":12},"skip":true},{"start":{"line":317,"column":12},"end":{"line":317,"column":12},"skip":true}]}},"code":["/*","example.js","","quickstart example","","instruction","    1. save this script as example.js","    2. run the shell command:","        $ npm install npmtest-np && PORT=8081 node example.js","    3. play with the browser-demo on http://127.0.0.1:8081","*/","","","","/* istanbul instrument in package npmtest_np */","/*jslint","    bitwise: true,","    browser: true,","    maxerr: 8,","    maxlen: 96,","    node: true,","    nomen: true,","    regexp: true,","    stupid: true","*/","(function () {","    'use strict';","    var local;","","","","    // run shared js-env code - pre-init","    (function () {","        // init local","        local = {};","        // init modeJs","        local.modeJs = (function () {","            try {","                return typeof navigator.userAgent === 'string' &&","                    typeof document.querySelector('body') === 'object' &&","                    typeof XMLHttpRequest.prototype.open === 'function' &&","                    'browser';","            } catch (errorCaughtBrowser) {","                return module.exports &&","                    typeof process.versions.node === 'string' &&","                    typeof require('http').createServer === 'function' &&","                    'node';","            }","        }());","        // init global","        local.global = local.modeJs === 'browser'","            ? window","            : global;","        // init utility2_rollup","        local = local.global.utility2_rollup || (local.modeJs === 'browser'","            ? local.global.utility2_npmtest_np","            : global.utility2_moduleExports);","        // export local","        local.global.local = local;","    }());","    switch (local.modeJs) {","","","","    // post-init","    // run browser js-env code - post-init","    /* istanbul ignore next */","    case 'browser':","        local.testRunBrowser = function (event) {","            if (!event || (event &&","                    event.currentTarget &&","                    event.currentTarget.className &&","                    event.currentTarget.className.includes &&","                    event.currentTarget.className.includes('onreset'))) {","                // reset output","                Array.from(","                    document.querySelectorAll('body > .resettable')","                ).forEach(function (element) {","                    switch (element.tagName) {","                    case 'INPUT':","                    case 'TEXTAREA':","                        element.value = '';","                        break;","                    default:","                        element.textContent = '';","                    }","                });","            }","            switch (event && event.currentTarget && event.currentTarget.id) {","            case 'testRunButton1':","                // show tests","                if (document.querySelector('#testReportDiv1').style.display === 'none') {","                    document.querySelector('#testReportDiv1').style.display = 'block';","                    document.querySelector('#testRunButton1').textContent =","                        'hide internal test';","                    local.modeTest = true;","                    local.testRunDefault(local);","                // hide tests","                } else {","                    document.querySelector('#testReportDiv1').style.display = 'none';","                    document.querySelector('#testRunButton1').textContent = 'run internal test';","                }","                break;","            // custom-case","            default:","                break;","            }","            if (document.querySelector('#inputTextareaEval1') && (!event || (event &&","                    event.currentTarget &&","                    event.currentTarget.className &&","                    event.currentTarget.className.includes &&","                    event.currentTarget.className.includes('oneval')))) {","                // try to eval input-code","                try {","                    /*jslint evil: true*/","                    eval(document.querySelector('#inputTextareaEval1').value);","                } catch (errorCaught) {","                    console.error(errorCaught);","                }","            }","        };","        // log stderr and stdout to #outputTextareaStdout1","        ['error', 'log'].forEach(function (key) {","            console[key + '_original'] = console[key];","            console[key] = function () {","                var element;","                console[key + '_original'].apply(console, arguments);","                element = document.querySelector('#outputTextareaStdout1');","                if (!element) {","                    return;","                }","                // append text to #outputTextareaStdout1","                element.value += Array.from(arguments).map(function (arg) {","                    return typeof arg === 'string'","                        ? arg","                        : JSON.stringify(arg, null, 4);","                }).join(' ') + '\\n';","                // scroll textarea to bottom","                element.scrollTop = element.scrollHeight;","            };","        });","        // init event-handling","        ['change', 'click', 'keyup'].forEach(function (event) {","            Array.from(document.querySelectorAll('.on' + event)).forEach(function (element) {","                element.addEventListener(event, local.testRunBrowser);","            });","        });","        // run tests","        local.testRunBrowser();","        break;","","","","    // run node js-env code - post-init","    /* istanbul ignore next */","    case 'node':","        // export local","        module.exports = local;","        // require modules","        local.fs = require('fs');","        local.http = require('http');","        local.url = require('url');","        // init assets","        local.assetsDict = local.assetsDict || {};","        /* jslint-ignore-begin */","        local.assetsDict['/assets.index.template.html'] = '\\","<!doctype html>\\n\\","<html lang=\"en\">\\n\\","<head>\\n\\","<meta charset=\"UTF-8\">\\n\\","<meta name=\"viewport\" content=\"width=device-width, initial-scale=1\">\\n\\","<title>{{env.npm_package_name}} (v{{env.npm_package_version}})</title>\\n\\","<style>\\n\\","/*csslint\\n\\","    box-sizing: false,\\n\\","    universal-selector: false\\n\\","*/\\n\\","* {\\n\\","    box-sizing: border-box;\\n\\","}\\n\\","body {\\n\\","    background: #dde;\\n\\","    font-family: Arial, Helvetica, sans-serif;\\n\\","    margin: 2rem;\\n\\","}\\n\\","body > * {\\n\\","    margin-bottom: 1rem;\\n\\","}\\n\\",".utility2FooterDiv {\\n\\","    margin-top: 20px;\\n\\","    text-align: center;\\n\\","}\\n\\","</style>\\n\\","<style>\\n\\","/*csslint\\n\\","*/\\n\\","textarea {\\n\\","    font-family: monospace;\\n\\","    height: 10rem;\\n\\","    width: 100%;\\n\\","}\\n\\","textarea[readonly] {\\n\\","    background: #ddd;\\n\\","}\\n\\","</style>\\n\\","</head>\\n\\","<body>\\n\\","<!-- utility2-comment\\n\\","<div id=\"ajaxProgressDiv1\" style=\"background: #d00; height: 2px; left: 0; margin: 0; padding: 0; position: fixed; top: 0; transition: background 0.5s, width 1.5s; width: 25%;\"></div>\\n\\","utility2-comment -->\\n\\","<h1>\\n\\","<!-- utility2-comment\\n\\","    <a\\n\\","        {{#if env.npm_package_homepage}}\\n\\","        href=\"{{env.npm_package_homepage}}\"\\n\\","        {{/if env.npm_package_homepage}}\\n\\","        target=\"_blank\"\\n\\","    >\\n\\","utility2-comment -->\\n\\","        {{env.npm_package_name}} (v{{env.npm_package_version}})\\n\\","<!-- utility2-comment\\n\\","    </a>\\n\\","utility2-comment -->\\n\\","</h1>\\n\\","<h3>{{env.npm_package_description}}</h3>\\n\\","<!-- utility2-comment\\n\\","<h4><a download href=\"assets.app.js\">download standalone app</a></h4>\\n\\","<button class=\"onclick onreset\" id=\"testRunButton1\">run internal test</button><br>\\n\\","<div id=\"testReportDiv1\" style=\"display: none;\"></div>\\n\\","utility2-comment -->\\n\\","\\n\\","\\n\\","\\n\\","<label>stderr and stdout</label>\\n\\","<textarea class=\"resettable\" id=\"outputTextareaStdout1\" readonly></textarea>\\n\\","<!-- utility2-comment\\n\\","{{#if isRollup}}\\n\\","<script src=\"assets.app.js\"></script>\\n\\","{{#unless isRollup}}\\n\\","utility2-comment -->\\n\\","<script src=\"assets.utility2.rollup.js\"></script>\\n\\","<script src=\"jsonp.utility2._stateInit?callback=window.utility2._stateInit\"></script>\\n\\","<script src=\"assets.npmtest_np.rollup.js\"></script>\\n\\","<script src=\"assets.example.js\"></script>\\n\\","<script src=\"assets.test.js\"></script>\\n\\","<!-- utility2-comment\\n\\","{{/if isRollup}}\\n\\","utility2-comment -->\\n\\","<div class=\"utility2FooterDiv\">\\n\\","    [ this app was created with\\n\\","    <a href=\"https://github.com/kaizhu256/node-utility2\" target=\"_blank\">utility2</a>\\n\\","    ]\\n\\","</div>\\n\\","</body>\\n\\","</html>\\n\\","';","        /* jslint-ignore-end */","        if (local.templateRender) {","            local.assetsDict['/'] = local.templateRender(","                local.assetsDict['/assets.index.template.html'],","                {","                    env: local.objectSetDefault(local.env, {","                        npm_package_description: 'the greatest app in the world!',","                        npm_package_name: 'my-app',","                        npm_package_nameAlias: 'my_app',","                        npm_package_version: '0.0.1'","                    })","                }","            );","        } else {","            local.assetsDict['/'] = local.assetsDict['/assets.index.template.html']","                .replace((/\\{\\{env\\.(\\w+?)\\}\\}/g), function (match0, match1) {","                    // jslint-hack","                    String(match0);","                    switch (match1) {","                    case 'npm_package_description':","                        return 'the greatest app in the world!';","                    case 'npm_package_name':","                        return 'my-app';","                    case 'npm_package_nameAlias':","                        return 'my_app';","                    case 'npm_package_version':","                        return '0.0.1';","                    }","                });","        }","        // run the cli","        if (local.global.utility2_rollup || module !== require.main) {","            break;","        }","        local.assetsDict['/assets.example.js'] =","            local.assetsDict['/assets.example.js'] ||","            local.fs.readFileSync(__filename, 'utf8');","        // bug-workaround - long $npm_package_buildCustomOrg","        /* jslint-ignore-begin */","        local.assetsDict['/assets.npmtest_np.rollup.js'] =","            local.assetsDict['/assets.npmtest_np.rollup.js'] ||","            local.fs.readFileSync(","                local.npmtest_np.__dirname + '/lib.npmtest_np.js',","                'utf8'","            ).replace((/^#!/), '//');","        /* jslint-ignore-end */","        local.assetsDict['/favicon.ico'] = local.assetsDict['/favicon.ico'] || '';","        // if $npm_config_timeout_exit exists,","        // then exit this process after $npm_config_timeout_exit ms","        if (Number(process.env.npm_config_timeout_exit)) {","            setTimeout(process.exit, Number(process.env.npm_config_timeout_exit));","        }","        // start server","        if (local.global.utility2_serverHttp1) {","            break;","        }","        process.env.PORT = process.env.PORT || '8081';","        console.error('server starting on port ' + process.env.PORT);","        local.http.createServer(function (request, response) {","            request.urlParsed = local.url.parse(request.url);","            if (local.assetsDict[request.urlParsed.pathname] !== undefined) {","                response.end(local.assetsDict[request.urlParsed.pathname]);","                return;","            }","            response.statusCode = 404;","            response.end();","        }).listen(process.env.PORT);","        break;","    }","}());",""],"l":{"26":2,"28":2,"33":2,"35":2,"37":2,"38":2,"39":2,"44":1,"51":2,"55":2,"59":2,"61":2,"69":1,"70":2,"76":2,"79":2,"82":2,"83":2,"85":1,"89":2,"92":1,"93":1,"94":1,"96":1,"97":1,"100":1,"101":1,"103":1,"106":1,"108":2,"114":1,"116":1,"118":1,"123":1,"124":2,"125":2,"126":3,"127":3,"128":3,"129":3,"130":1,"133":3,"134":3,"139":3,"143":1,"144":3,"145":1,"149":1,"150":1,"158":1,"160":1,"161":1,"162":1,"164":1,"166":1,"258":1,"259":1,"271":1,"274":6,"275":6,"277":1,"279":2,"281":1,"283":2,"288":1,"289":1,"291":1,"296":1,"303":1,"306":1,"307":1,"310":1,"311":1,"313":1,"314":1,"315":1,"316":1,"317":1,"318":1,"319":1,"321":1,"322":1,"324":1}},"/home/travis/build/npmtest/node-npmtest-np/node_modules/np/index.js":{"path":"/home/travis/build/npmtest/node-npmtest-np/node_modules/np/index.js","s":{"1":1,"2":1,"3":1,"4":1,"5":1,"6":1,"7":1,"8":1,"9":1,"10":1,"11":1,"12":1,"13":1,"14":0,"15":0,"16":1,"17":0,"18":0,"19":0,"20":0,"21":0,"22":0,"23":0,"24":0,"25":0,"26":0,"27":0,"28":0,"29":0,"30":0,"31":0,"32":0,"33":0,"34":0,"35":0,"36":0,"37":0,"38":0,"39":0,"40":0,"41":0,"42":0,"43":0,"44":0,"45":0,"46":0,"47":0,"48":0,"49":0,"50":0,"51":0},"b":{"1":[0,0],"2":[0,0],"3":[0,0],"4":[0,0],"5":[0,0],"6":[0,0],"7":[0,0],"8":[0,0],"9":[0,0],"10":[0,0]},"f":{},"fnMap":{},"statementMap":{"1":{"start":{"line":2,"column":0},"end":{"line":2,"column":31}},"2":{"start":{"line":3,"column":0},"end":{"line":3,"column":27}},"3":{"start":{"line":4,"column":0},"end":{"line":4,"column":31}},"4":{"start":{"line":5,"column":0},"end":{"line":5,"column":31}},"5":{"start":{"line":6,"column":0},"end":{"line":6,"column":44}},"6":{"start":{"line":7,"column":0},"end":{"line":7,"column":45}},"7":{"start":{"line":8,"column":0},"end":{"line":8,"column":59}},"8":{"start":{"line":9,"column":0},"end":{"line":9,"column":41}},"9":{"start":{"line":10,"column":0},"end":{"line":10,"column":36}},"10":{"start":{"line":11,"column":0},"end":{"line":11,"column":56}},"11":{"start":{"line":12,"column":0},"end":{"line":12,"column":38}},"12":{"start":{"line":13,"column":0},"end":{"line":13,"column":35}},"13":{"start":{"line":15,"column":0},"end":{"line":23,"column":2}},"14":{"start":{"line":17,"column":1},"end":{"line":17,"column":29}},"15":{"start":{"line":19,"column":1},"end":{"line":22,"column":19}},"16":{"start":{"line":25,"column":0},"end":{"line":112,"column":2}},"17":{"start":{"line":26,"column":1},"end":{"line":26,"column":26}},"18":{"start":{"line":28,"column":1},"end":{"line":32,"column":10}},"19":{"start":{"line":34,"column":1},"end":{"line":36,"column":2}},"20":{"start":{"line":35,"column":2},"end":{"line":35,"column":63}},"21":{"start":{"line":39,"column":1},"end":{"line":41,"column":2}},"22":{"start":{"line":40,"column":2},"end":{"line":40,"column":23}},"23":{"start":{"line":43,"column":1},"end":{"line":43,"column":29}},"24":{"start":{"line":44,"column":1},"end":{"line":44,"column":47}},"25":{"start":{"line":45,"column":1},"end":{"line":45,"column":33}},"26":{"start":{"line":46,"column":1},"end":{"line":46,"column":28}},"27":{"start":{"line":48,"column":1},"end":{"line":59,"column":4}},"28":{"start":{"line":51,"column":15},"end":{"line":51,"column":50}},"29":{"start":{"line":55,"column":15},"end":{"line":55,"column":29}},"30":{"start":{"line":61,"column":1},"end":{"line":78,"column":2}},"31":{"start":{"line":62,"column":2},"end":{"line":77,"column":5}},"32":{"start":{"line":65,"column":16},"end":{"line":65,"column":35}},"33":{"start":{"line":69,"column":19},"end":{"line":69,"column":37}},"34":{"start":{"line":70,"column":16},"end":{"line":70,"column":41}},"35":{"start":{"line":74,"column":19},"end":{"line":74,"column":38}},"36":{"start":{"line":75,"column":16},"end":{"line":75,"column":40}},"37":{"start":{"line":80,"column":1},"end":{"line":85,"column":2}},"38":{"start":{"line":81,"column":2},"end":{"line":84,"column":5}},"39":{"start":{"line":83,"column":15},"end":{"line":83,"column":36}},"40":{"start":{"line":87,"column":1},"end":{"line":90,"column":4}},"41":{"start":{"line":89,"column":14},"end":{"line":89,"column":45}},"42":{"start":{"line":92,"column":1},"end":{"line":102,"column":2}},"43":{"start":{"line":93,"column":2},"end":{"line":101,"column":5}},"44":{"start":{"line":96,"column":4},"end":{"line":98,"column":5}},"45":{"start":{"line":97,"column":5},"end":{"line":97,"column":54}},"46":{"start":{"line":100,"column":15},"end":{"line":100,"column":83}},"47":{"start":{"line":104,"column":1},"end":{"line":107,"column":4}},"48":{"start":{"line":106,"column":14},"end":{"line":106,"column":52}},"49":{"start":{"line":109,"column":1},"end":{"line":111,"column":30}},"50":{"start":{"line":110,"column":14},"end":{"line":110,"column":25}},"51":{"start":{"line":111,"column":18},"end":{"line":111,"column":28}}},"branchMap":{"1":{"line":26,"type":"binary-expr","locations":[{"start":{"line":26,"column":9},"end":{"line":26,"column":14}},{"start":{"line":26,"column":18},"end":{"line":26,"column":25}}]},"2":{"line":34,"type":"if","locations":[{"start":{"line":34,"column":1},"end":{"line":34,"column":1}},{"start":{"line":34,"column":1},"end":{"line":34,"column":1}}]},"3":{"line":34,"type":"binary-expr","locations":[{"start":{"line":34,"column":5},"end":{"line":34,"column":15}},{"start":{"line":34,"column":19},"end":{"line":34,"column":28}}]},"4":{"line":39,"type":"if","locations":[{"start":{"line":39,"column":1},"end":{"line":39,"column":1}},{"start":{"line":39,"column":1},"end":{"line":39,"column":1}}]},"5":{"line":44,"type":"binary-expr","locations":[{"start":{"line":44,"column":20},"end":{"line":44,"column":32}},{"start":{"line":44,"column":36},"end":{"line":44,"column":46}}]},"6":{"line":61,"type":"if","locations":[{"start":{"line":61,"column":1},"end":{"line":61,"column":1}},{"start":{"line":61,"column":1},"end":{"line":61,"column":1}}]},"7":{"line":80,"type":"if","locations":[{"start":{"line":80,"column":1},"end":{"line":80,"column":1}},{"start":{"line":80,"column":1},"end":{"line":80,"column":1}}]},"8":{"line":92,"type":"if","locations":[{"start":{"line":92,"column":1},"end":{"line":92,"column":1}},{"start":{"line":92,"column":1},"end":{"line":92,"column":1}}]},"9":{"line":96,"type":"if","locations":[{"start":{"line":96,"column":4},"end":{"line":96,"column":4}},{"start":{"line":96,"column":4},"end":{"line":96,"column":4}}]},"10":{"line":100,"type":"cond-expr","locations":[{"start":{"line":100,"column":57},"end":{"line":100,"column":76}},{"start":{"line":100,"column":79},"end":{"line":100,"column":81}}]}},"code":["'use strict';","const execa = require('execa');","const del = require('del');","const Listr = require('listr');","const split = require('split');","require('any-observable/register/rxjs-all'); // eslint-disable-line import/no-unassigned-import","const Observable = require('any-observable');","const streamToObservable = require('stream-to-observable');","const readPkgUp = require('read-pkg-up');","const hasYarn = require('has-yarn');","const prerequisiteTasks = require('./lib/prerequisite');","const gitTasks = require('./lib/git');","const util = require('./lib/util');","","const exec = (cmd, args) => {","\t// Use `Observable` support if merged https://github.com/sindresorhus/execa/pull/26","\tconst cp = execa(cmd, args);","","\treturn Observable.merge(","\t\tstreamToObservable(cp.stdout.pipe(split()), {await: cp}),","\t\tstreamToObservable(cp.stderr.pipe(split()), {await: cp})","\t).filter(Boolean);","};","","module.exports = (input, opts) => {","\tinput = input || 'patch';","","\topts = Object.assign({","\t\tcleanup: true,","\t\tpublish: true,","\t\tyarn: hasYarn()","\t}, opts);","","\tif (!hasYarn() && opts.yarn) {","\t\tthrow new Error('Could not use Yarn without yarn.lock file');","\t}","","\t// TODO: remove sometime far in the future","\tif (opts.skipCleanup) {","\t\topts.cleanup = false;","\t}","","\tconst runTests = !opts.yolo;","\tconst runCleanup = opts.cleanup && !opts.yolo;","\tconst runPublish = opts.publish;","\tconst pkg = util.readPkg();","","\tconst tasks = new Listr([","\t\t{","\t\t\ttitle: 'Prerequisite check',","\t\t\ttask: () => prerequisiteTasks(input, pkg, opts)","\t\t},","\t\t{","\t\t\ttitle: 'Git',","\t\t\ttask: () => gitTasks(opts)","\t\t}","\t], {","\t\tshowSubtasks: false","\t});","","\tif (runCleanup) {","\t\ttasks.add([","\t\t\t{","\t\t\t\ttitle: 'Cleanup',","\t\t\t\ttask: () => del('node_modules')","\t\t\t},","\t\t\t{","\t\t\t\ttitle: 'Installing dependencies using Yarn',","\t\t\t\tenabled: () => opts.yarn === true,","\t\t\t\ttask: () => exec('yarn', ['install'])","\t\t\t},","\t\t\t{","\t\t\t\ttitle: 'Installing dependencies using npm',","\t\t\t\tenabled: () => opts.yarn === false,","\t\t\t\ttask: () => exec('npm', ['install'])","\t\t\t}","\t\t]);","\t}","","\tif (runTests) {","\t\ttasks.add({","\t\t\ttitle: 'Running tests',","\t\t\ttask: () => exec('npm', ['test'])","\t\t});","\t}","","\ttasks.add({","\t\ttitle: 'Bumping version',","\t\ttask: () => exec('npm', ['version', input])","\t});","","\tif (runPublish) {","\t\ttasks.add({","\t\t\ttitle: 'Publishing package',","\t\t\tskip: () => {","\t\t\t\tif (pkg.private) {","\t\t\t\t\treturn 'Private package: not publishing to npm.';","\t\t\t\t}","\t\t\t},","\t\t\ttask: () => exec('npm', ['publish'].concat(opts.tag ? ['--tag', opts.tag] : []))","\t\t});","\t}","","\ttasks.add({","\t\ttitle: 'Pushing tags',","\t\ttask: () => exec('git', ['push', '--follow-tags'])","\t});","","\treturn tasks.run()","\t\t.then(() => readPkgUp())","\t\t.then(result => result.pkg);","};",""],"l":{"2":1,"3":1,"4":1,"5":1,"6":1,"7":1,"8":1,"9":1,"10":1,"11":1,"12":1,"13":1,"15":1,"17":0,"19":0,"25":1,"26":0,"28":0,"34":0,"35":0,"39":0,"40":0,"43":0,"44":0,"45":0,"46":0,"48":0,"51":0,"55":0,"61":0,"62":0,"65":0,"69":0,"70":0,"74":0,"75":0,"80":0,"81":0,"83":0,"87":0,"89":0,"92":0,"93":0,"96":0,"97":0,"100":0,"104":0,"106":0,"109":0,"110":0,"111":0}},"/home/travis/build/npmtest/node-npmtest-np/node_modules/npm-run-path/index.js":{"path":"/home/travis/build/npmtest/node-npmtest-np/node_modules/npm-run-path/index.js","s":{"1":1,"2":1,"3":1,"4":0,"5":0,"6":0,"7":0,"8":0,"9":0,"10":0,"11":0,"12":0,"13":0,"14":1,"15":0,"16":0,"17":0,"18":0,"19":0,"20":0},"b":{},"f":{},"fnMap":{},"statementMap":{"1":{"start":{"line":2,"column":0},"end":{"line":2,"column":29}},"2":{"start":{"line":3,"column":0},"end":{"line":3,"column":36}},"3":{"start":{"line":5,"column":0},"end":{"line":25,"column":2}},"4":{"start":{"line":6,"column":1},"end":{"line":9,"column":10}},"5":{"start":{"line":11,"column":1},"end":{"line":11,"column":10}},"6":{"start":{"line":12,"column":1},"end":{"line":12,"column":34}},"7":{"start":{"line":13,"column":1},"end":{"line":13,"column":16}},"8":{"start":{"line":15,"column":1},"end":{"line":19,"column":2}},"9":{"start":{"line":16,"column":2},"end":{"line":16,"column":48}},"10":{"start":{"line":17,"column":2},"end":{"line":17,"column":13}},"11":{"start":{"line":18,"column":2},"end":{"line":18,"column":32}},"12":{"start":{"line":22,"column":1},"end":{"line":22,"column":42}},"13":{"start":{"line":24,"column":1},"end":{"line":24,"column":51}},"14":{"start":{"line":27,"column":0},"end":{"line":39,"column":2}},"15":{"start":{"line":28,"column":1},"end":{"line":30,"column":10}},"16":{"start":{"line":32,"column":1},"end":{"line":32,"column":41}},"17":{"start":{"line":33,"column":1},"end":{"line":33,"column":29}},"18":{"start":{"line":35,"column":1},"end":{"line":35,"column":23}},"19":{"start":{"line":36,"column":1},"end":{"line":36,"column":34}},"20":{"start":{"line":38,"column":1},"end":{"line":38,"column":12}}},"branchMap":{},"code":["'use strict';","const path = require('path');","const pathKey = require('path-key');","","module.exports = opts => {","\topts = Object.assign({","\t\tcwd: process.cwd(),","\t\tpath: process.env[pathKey()]","\t}, opts);","","\tlet prev;","\tlet pth = path.resolve(opts.cwd);","\tconst ret = [];","","\twhile (prev !== pth) {","\t\tret.push(path.join(pth, 'node_modules/.bin'));","\t\tprev = pth;","\t\tpth = path.resolve(pth, '..');","\t}","","\t// ensure the running `node` binary is used","\tret.push(path.dirname(process.execPath));","","\treturn ret.concat(opts.path).join(path.delimiter);","};","","module.exports.env = opts => {","\topts = Object.assign({","\t\tenv: process.env","\t}, opts);","","\tconst env = Object.assign({}, opts.env);","\tconst path = pathKey({env});","","\topts.path = env[path];","\tenv[path] = module.exports(opts);","","\treturn env;","};",""],"l":{"2":1,"3":1,"5":1,"6":0,"11":0,"12":0,"13":0,"15":0,"16":0,"17":0,"18":0,"22":0,"24":0,"27":1,"28":0,"32":0,"33":0,"35":0,"36":0,"38":0}},"/home/travis/build/npmtest/node-npmtest-np/node_modules/np/lib/prerequisite.js":{"path":"/home/travis/build/npmtest/node-npmtest-np/node_modules/np/lib/prerequisite.js","s":{"1":1,"2":1,"3":1,"4":1,"5":0,"6":0,"7":0,"8":0,"9":0,"10":0,"11":0,"12":0,"13":0,"14":0,"15":0,"16":0,"17":0,"18":0,"19":0,"20":0,"21":0,"22":0,"23":0,"24":0,"25":0,"26":0,"27":0,"28":0,"29":0,"30":0,"31":0},"b":{"1":[0,0],"2":[0,0],"3":[0,0],"4":[0,0,0],"5":[0,0],"6":[0,0],"7":[0,0],"8":[0,0],"9":[0,0]},"f":{},"fnMap":{},"statementMap":{"1":{"start":{"line":2,"column":0},"end":{"line":2,"column":31}},"2":{"start":{"line":3,"column":0},"end":{"line":3,"column":31}},"3":{"start":{"line":4,"column":0},"end":{"line":4,"column":37}},"4":{"start":{"line":6,"column":0},"end":{"line":77,"column":2}},"5":{"start":{"line":7,"column":1},"end":{"line":7,"column":23}},"6":{"start":{"line":9,"column":1},"end":{"line":74,"column":3}},"7":{"start":{"line":13,"column":4},"end":{"line":15,"column":5}},"8":{"start":{"line":14,"column":5},"end":{"line":14,"column":117}},"9":{"start":{"line":17,"column":4},"end":{"line":17,"column":59}},"10":{"start":{"line":19,"column":4},"end":{"line":21,"column":5}},"11":{"start":{"line":20,"column":5},"end":{"line":20,"column":111}},"12":{"start":{"line":26,"column":18},"end":{"line":26,"column":30}},"13":{"start":{"line":28,"column":4},"end":{"line":30,"column":5}},"14":{"start":{"line":29,"column":5},"end":{"line":29,"column":205}},"15":{"start":{"line":35,"column":15},"end":{"line":35,"column":63}},"16":{"start":{"line":36,"column":15},"end":{"line":41,"column":5}},"17":{"start":{"line":37,"column":4},"end":{"line":37,"column":38}},"18":{"start":{"line":38,"column":4},"end":{"line":40,"column":5}},"19":{"start":{"line":39,"column":5},"end":{"line":39,"column":191}},"20":{"start":{"line":45,"column":18},"end":{"line":45,"column":27}},"21":{"start":{"line":46,"column":15},"end":{"line":53,"column":6}},"22":{"start":{"line":48,"column":5},"end":{"line":50,"column":6}},"23":{"start":{"line":49,"column":6},"end":{"line":49,"column":110}},"24":{"start":{"line":52,"column":5},"end":{"line":52,"column":100}},"25":{"start":{"line":57,"column":15},"end":{"line":72,"column":5}},"26":{"start":{"line":58,"column":16},"end":{"line":58,"column":101}},"27":{"start":{"line":61,"column":6},"end":{"line":63,"column":7}},"28":{"start":{"line":62,"column":7},"end":{"line":62,"column":69}},"29":{"start":{"line":68,"column":6},"end":{"line":70,"column":7}},"30":{"start":{"line":69,"column":7},"end":{"line":69,"column":17}},"31":{"start":{"line":76,"column":1},"end":{"line":76,"column":25}}},"branchMap":{"1":{"line":13,"type":"if","locations":[{"start":{"line":13,"column":4},"end":{"line":13,"column":4}},{"start":{"line":13,"column":4},"end":{"line":13,"column":4}}]},"2":{"line":19,"type":"if","locations":[{"start":{"line":19,"column":4},"end":{"line":19,"column":4}},{"start":{"line":19,"column":4},"end":{"line":19,"column":4}}]},"3":{"line":28,"type":"if","locations":[{"start":{"line":28,"column":4},"end":{"line":28,"column":4}},{"start":{"line":28,"column":4},"end":{"line":28,"column":4}}]},"4":{"line":28,"type":"binary-expr","locations":[{"start":{"line":28,"column":8},"end":{"line":28,"column":20}},{"start":{"line":28,"column":24},"end":{"line":28,"column":63}},{"start":{"line":28,"column":67},"end":{"line":28,"column":76}}]},"5":{"line":38,"type":"if","locations":[{"start":{"line":38,"column":4},"end":{"line":38,"column":4}},{"start":{"line":38,"column":4},"end":{"line":38,"column":4}}]},"6":{"line":48,"type":"if","locations":[{"start":{"line":48,"column":5},"end":{"line":48,"column":5}},{"start":{"line":48,"column":5},"end":{"line":48,"column":5}}]},"7":{"line":61,"type":"if","locations":[{"start":{"line":61,"column":6},"end":{"line":61,"column":6}},{"start":{"line":61,"column":6},"end":{"line":61,"column":6}}]},"8":{"line":68,"type":"if","locations":[{"start":{"line":68,"column":6},"end":{"line":68,"column":6}},{"start":{"line":68,"column":6},"end":{"line":68,"column":6}}]},"9":{"line":68,"type":"binary-expr","locations":[{"start":{"line":68,"column":10},"end":{"line":68,"column":27}},{"start":{"line":68,"column":31},"end":{"line":68,"column":48}}]}},"code":["'use strict';","const execa = require('execa');","const Listr = require('listr');","const version = require('./version');","","module.exports = (input, pkg, opts) => {","\tlet newVersion = null;","","\tconst tasks = [","\t\t{","\t\t\ttitle: 'Validate version',","\t\t\ttask: () => {","\t\t\t\tif (!version.isValidVersionInput(input)) {","\t\t\t\t\tthrow new Error(`Version should be either ${version.SEMVER_INCREMENTS.join(', ')}, or a valid semver version.`);","\t\t\t\t}","","\t\t\t\tnewVersion = version.getNewVersion(pkg.version, input);","","\t\t\t\tif (!version.isVersionGreater(pkg.version, newVersion)) {","\t\t\t\t\tthrow new Error(`New version \\`${newVersion}\\` should be higher than current version \\`${pkg.version}\\``);","\t\t\t\t}","\t\t\t}","\t\t},","\t\t{","\t\t\ttitle: 'Check for pre-release version',","\t\t\tenabled: () => opts.publish,","\t\t\ttask: () => {","\t\t\t\tif (!pkg.private && version.isPrereleaseVersion(newVersion) && !opts.tag) {","\t\t\t\t\tthrow new Error('You must specify a dist-tag using --tag when publishing a pre-release version. This prevents accidentally tagging unstable versions as \"latest\". https://docs.npmjs.com/cli/dist-tag');","\t\t\t\t}","\t\t\t}","\t\t},","\t\t{","\t\t\ttitle: 'Check npm version',","\t\t\tskip: () => version.isVersionLower('6.0.0', process.version),","\t\t\ttask: () => execa.stdout('npm', ['version', '--json']).then(json => {","\t\t\t\tconst versions = JSON.parse(json);","\t\t\t\tif (!version.satisfies(versions.npm, '>=2.15.8 <3.0.0 || >=3.10.1')) {","\t\t\t\t\tthrow new Error(`npm@${versions.npm} has known issues publishing when running Node.js 6. Please upgrade npm or downgrade Node and publish again. https://github.com/npm/npm/issues/5082`);","\t\t\t\t}","\t\t\t})","\t\t},","\t\t{","\t\t\ttitle: 'Check yarn.lock integrity',","\t\t\tenabled: () => opts.yarn,","\t\t\ttask: () => execa.stdout('yarn', ['check', '--integrity'])","\t\t\t\t.catch(err => {","\t\t\t\t\tif (err.code === 'ENOENT') {","\t\t\t\t\t\tthrow new Error('Yarn not available, run `npm install -g yarn` to install or use the `--no-yarn` flag');","\t\t\t\t\t}","","\t\t\t\t\tthrow new Error('`yarn.lock` file is outdated, run `yarn`, commit your changes and try again');","\t\t\t\t})","\t\t},","\t\t{","\t\t\ttitle: 'Check git tag existence',","\t\t\ttask: () => execa('git', ['fetch'])","\t\t\t\t.then(() => execa.stdout('git', ['rev-parse', '--quiet', '--verify', `refs/tags/v${newVersion}`]))","\t\t\t\t.then(","\t\t\t\t\toutput => {","\t\t\t\t\t\tif (output) {","\t\t\t\t\t\t\tthrow new Error(`Git tag \\`v${newVersion}\\` already exists.`);","\t\t\t\t\t\t}","\t\t\t\t\t},","\t\t\t\t\terr => {","\t\t\t\t\t\t// Command fails with code 1 and no output if the tag does not exist, even though `--quiet` is provided","\t\t\t\t\t\t// https://github.com/sindresorhus/np/pull/73#discussion_r72385685","\t\t\t\t\t\tif (err.stdout !== '' || err.stderr !== '') {","\t\t\t\t\t\t\tthrow err;","\t\t\t\t\t\t}","\t\t\t\t\t}","\t\t\t\t)","\t\t}","\t];","","\treturn new Listr(tasks);","};",""],"l":{"2":1,"3":1,"4":1,"6":1,"7":0,"9":0,"13":0,"14":0,"17":0,"19":0,"20":0,"26":0,"28":0,"29":0,"35":0,"36":0,"37":0,"38":0,"39":0,"45":0,"46":0,"48":0,"49":0,"52":0,"57":0,"58":0,"61":0,"62":0,"68":0,"69":0,"76":0}},"/home/travis/build/npmtest/node-npmtest-np/node_modules/np/lib/version.js":{"path":"/home/travis/build/npmtest/node-npmtest-np/node_modules/np/lib/version.js","s":{"1":1,"2":1,"3":1,"4":1,"5":0,"6":1,"7":7,"8":1,"9":0,"10":1,"11":7,"12":0,"13":7,"14":1,"15":0,"16":0,"17":0,"18":1,"19":0,"20":0,"21":0,"22":1,"23":0},"b":{"1":[7,0],"2":[0,0],"3":[0,7],"4":[0,7],"5":[0,0],"6":[0,0]},"f":{},"fnMap":{},"statementMap":{"1":{"start":{"line":2,"column":0},"end":{"line":2,"column":33}},"2":{"start":{"line":4,"column":0},"end":{"line":4,"column":106}},"3":{"start":{"line":5,"column":0},"end":{"line":5,"column":81}},"4":{"start":{"line":7,"column":0},"end":{"line":7,"column":61}},"5":{"start":{"line":7,"column":32},"end":{"line":7,"column":60}},"6":{"start":{"line":9,"column":0},"end":{"line":9,"column":112}},"7":{"start":{"line":9,"column":39},"end":{"line":9,"column":111}},"8":{"start":{"line":11,"column":0},"end":{"line":11,"column":132}},"9":{"start":{"line":11,"column":41},"end":{"line":11,"column":131}},"10":{"start":{"line":13,"column":0},"end":{"line":19,"column":2}},"11":{"start":{"line":14,"column":1},"end":{"line":16,"column":2}},"12":{"start":{"line":15,"column":2},"end":{"line":15,"column":113}},"13":{"start":{"line":18,"column":1},"end":{"line":18,"column":96}},"14":{"start":{"line":21,"column":0},"end":{"line":27,"column":2}},"15":{"start":{"line":22,"column":1},"end":{"line":24,"column":2}},"16":{"start":{"line":23,"column":2},"end":{"line":23,"column":63}},"17":{"start":{"line":26,"column":1},"end":{"line":26,"column":42}},"18":{"start":{"line":29,"column":0},"end":{"line":35,"column":2}},"19":{"start":{"line":30,"column":1},"end":{"line":32,"column":2}},"20":{"start":{"line":31,"column":2},"end":{"line":31,"column":63}},"21":{"start":{"line":34,"column":1},"end":{"line":34,"column":42}},"22":{"start":{"line":37,"column":0},"end":{"line":37,"column":73}},"23":{"start":{"line":37,"column":40},"end":{"line":37,"column":72}}},"branchMap":{"1":{"line":9,"type":"binary-expr","locations":[{"start":{"line":9,"column":39},"end":{"line":9,"column":86}},{"start":{"line":9,"column":90},"end":{"line":9,"column":111}}]},"2":{"line":11,"type":"binary-expr","locations":[{"start":{"line":11,"column":41},"end":{"line":11,"column":92}},{"start":{"line":11,"column":96},"end":{"line":11,"column":131}}]},"3":{"line":14,"type":"if","locations":[{"start":{"line":14,"column":1},"end":{"line":14,"column":1}},{"start":{"line":14,"column":1},"end":{"line":14,"column":1}}]},"4":{"line":18,"type":"cond-expr","locations":[{"start":{"line":18,"column":58},"end":{"line":18,"column":63}},{"start":{"line":18,"column":66},"end":{"line":18,"column":95}}]},"5":{"line":22,"type":"if","locations":[{"start":{"line":22,"column":1},"end":{"line":22,"column":1}},{"start":{"line":22,"column":1},"end":{"line":22,"column":1}}]},"6":{"line":30,"type":"if","locations":[{"start":{"line":30,"column":1},"end":{"line":30,"column":1}},{"start":{"line":30,"column":1},"end":{"line":30,"column":1}}]}},"code":["'use strict';","const semver = require('semver');","","exports.SEMVER_INCREMENTS = ['patch', 'minor', 'major', 'prepatch', 'preminor', 'premajor', 'prerelease'];","exports.PRERELEASE_VERSIONS = ['prepatch', 'preminor', 'premajor', 'prerelease'];","","const isValidVersion = input => Boolean(semver.valid(input));","","exports.isValidVersionInput = input => exports.SEMVER_INCREMENTS.indexOf(input) !== -1 || isValidVersion(input);","","exports.isPrereleaseVersion = version => exports.PRERELEASE_VERSIONS.indexOf(version) !== -1 || Boolean(semver.prerelease(version));","","exports.getNewVersion = (oldVersion, input) => {","\tif (!exports.isValidVersionInput(input)) {","\t\tthrow new Error(`Version should be either ${exports.SEMVER_INCREMENTS.join(', ')} or a valid semver version.`);","\t}","","\treturn exports.SEMVER_INCREMENTS.indexOf(input) === -1 ? input : semver.inc(oldVersion, input);","};","","exports.isVersionGreater = (oldVersion, newVersion) => {","\tif (!isValidVersion(newVersion)) {","\t\tthrow new Error('Version should be a valid semver version.');","\t}","","\treturn semver.gt(newVersion, oldVersion);","};","","exports.isVersionLower = (oldVersion, newVersion) => {","\tif (!isValidVersion(newVersion)) {","\t\tthrow new Error('Version should be a valid semver version.');","\t}","","\treturn semver.lt(newVersion, oldVersion);","};","","exports.satisfies = (version, range) => semver.satisfies(version, range);",""],"l":{"2":1,"4":1,"5":1,"7":1,"9":7,"11":1,"13":1,"14":7,"15":0,"18":7,"21":1,"22":0,"23":0,"26":0,"29":1,"30":0,"31":0,"34":0,"37":1}},"/home/travis/build/npmtest/node-npmtest-np/node_modules/np/lib/git.js":{"path":"/home/travis/build/npmtest/node-npmtest-np/node_modules/np/lib/git.js","s":{"1":1,"2":1,"3":1,"4":0,"5":0,"6":0,"7":0,"8":0,"9":0,"10":0,"11":0,"12":0,"13":0,"14":0,"15":0,"16":0},"b":{"1":[0,0],"2":[0,0],"3":[0,0],"4":[0,0]},"f":{},"fnMap":{},"statementMap":{"1":{"start":{"line":2,"column":0},"end":{"line":2,"column":31}},"2":{"start":{"line":3,"column":0},"end":{"line":3,"column":31}},"3":{"start":{"line":5,"column":0},"end":{"line":38,"column":2}},"4":{"start":{"line":6,"column":1},"end":{"line":31,"column":3}},"5":{"start":{"line":9,"column":15},"end":{"line":13,"column":5}},"6":{"start":{"line":10,"column":4},"end":{"line":12,"column":5}},"7":{"start":{"line":11,"column":5},"end":{"line":11,"column":84}},"8":{"start":{"line":17,"column":15},"end":{"line":21,"column":5}},"9":{"start":{"line":18,"column":4},"end":{"line":20,"column":5}},"10":{"start":{"line":19,"column":5},"end":{"line":19,"column":77}},"11":{"start":{"line":25,"column":15},"end":{"line":29,"column":5}},"12":{"start":{"line":26,"column":4},"end":{"line":28,"column":5}},"13":{"start":{"line":27,"column":5},"end":{"line":27,"column":69}},"14":{"start":{"line":33,"column":1},"end":{"line":35,"column":2}},"15":{"start":{"line":34,"column":2},"end":{"line":34,"column":16}},"16":{"start":{"line":37,"column":1},"end":{"line":37,"column":25}}},"branchMap":{"1":{"line":10,"type":"if","locations":[{"start":{"line":10,"column":4},"end":{"line":10,"column":4}},{"start":{"line":10,"column":4},"end":{"line":10,"column":4}}]},"2":{"line":18,"type":"if","locations":[{"start":{"line":18,"column":4},"end":{"line":18,"column":4}},{"start":{"line":18,"column":4},"end":{"line":18,"column":4}}]},"3":{"line":26,"type":"if","locations":[{"start":{"line":26,"column":4},"end":{"line":26,"column":4}},{"start":{"line":26,"column":4},"end":{"line":26,"column":4}}]},"4":{"line":33,"type":"if","locations":[{"start":{"line":33,"column":1},"end":{"line":33,"column":1}},{"start":{"line":33,"column":1},"end":{"line":33,"column":1}}]}},"code":["'use strict';","const execa = require('execa');","const Listr = require('listr');","","module.exports = opts => {","\tconst tasks = [","\t\t{","\t\t\ttitle: 'Check current branch',","\t\t\ttask: () => execa.stdout('git', ['symbolic-ref', '--short', 'HEAD']).then(branch => {","\t\t\t\tif (branch !== 'master') {","\t\t\t\t\tthrow new Error('Not on `master` branch. Use --any-branch to publish anyway.');","\t\t\t\t}","\t\t\t})","\t\t},","\t\t{","\t\t\ttitle: 'Check local working tree',","\t\t\ttask: () => execa.stdout('git', ['status', '--porcelain']).then(status => {","\t\t\t\tif (status !== '') {","\t\t\t\t\tthrow new Error('Unclean working tree. Commit or stash changes first.');","\t\t\t\t}","\t\t\t})","\t\t},","\t\t{","\t\t\ttitle: 'Check remote history',","\t\t\ttask: () => execa.stdout('git', ['rev-list', '--count', '--left-only', '@{u}...HEAD']).then(result => {","\t\t\t\tif (result !== '0') {","\t\t\t\t\tthrow new Error('Remote history differs. Please pull changes.');","\t\t\t\t}","\t\t\t})","\t\t}","\t];","","\tif (opts.anyBranch) {","\t\ttasks.shift();","\t}","","\treturn new Listr(tasks);","};",""],"l":{"2":1,"3":1,"5":1,"6":0,"9":0,"10":0,"11":0,"17":0,"18":0,"19":0,"25":0,"26":0,"27":0,"33":0,"34":0,"37":0}},"/home/travis/build/npmtest/node-npmtest-np/node_modules/np/lib/util.js":{"path":"/home/travis/build/npmtest/node-npmtest-np/node_modules/np/lib/util.js","s":{"1":1,"2":1,"3":1,"4":1,"5":0,"6":1},"b":{"1":[0,1]},"f":{},"fnMap":{},"statementMap":{"1":{"start":{"line":2,"column":0},"end":{"line":2,"column":41}},"2":{"start":{"line":4,"column":0},"end":{"line":12,"column":2}},"3":{"start":{"line":5,"column":1},"end":{"line":5,"column":34}},"4":{"start":{"line":7,"column":1},"end":{"line":9,"column":2}},"5":{"start":{"line":8,"column":2},"end":{"line":8,"column":85}},"6":{"start":{"line":11,"column":1},"end":{"line":11,"column":12}}},"branchMap":{"1":{"line":7,"type":"if","locations":[{"start":{"line":7,"column":1},"end":{"line":7,"column":1}},{"start":{"line":7,"column":1},"end":{"line":7,"column":1}}]}},"code":["'use strict';","const readPkgUp = require('read-pkg-up');","","exports.readPkg = () => {","\tconst pkg = readPkgUp.sync().pkg;","","\tif (!pkg) {","\t\tthrow new Error(`No package.json found. Make sure you're in the correct project.`);","\t}","","\treturn pkg;","};",""],"l":{"2":1,"4":1,"5":1,"7":1,"8":0,"11":1}},"/home/travis/build/npmtest/node-npmtest-np/node_modules/np/cli.js":{"path":"/home/travis/build/npmtest/node-npmtest-np/node_modules/np/cli.js","s":{"1":1,"2":1,"3":1,"4":1,"5":1,"6":1,"7":1,"8":1,"9":1,"10":1,"11":0,"12":1,"13":0,"14":0,"15":0,"16":0,"17":0,"18":0,"19":0},"b":{"1":[0,1],"2":[0,0]},"f":{},"fnMap":{},"statementMap":{"1":{"start":{"line":3,"column":0},"end":{"line":3,"column":42}},"2":{"start":{"line":4,"column":0},"end":{"line":4,"column":29}},"3":{"start":{"line":5,"column":0},"end":{"line":5,"column":50}},"4":{"start":{"line":6,"column":0},"end":{"line":6,"column":41}},"5":{"start":{"line":7,"column":0},"end":{"line":7,"column":31}},"6":{"start":{"line":8,"column":0},"end":{"line":8,"column":25}},"7":{"start":{"line":10,"column":0},"end":{"line":30,"column":3}},"8":{"start":{"line":32,"column":0},"end":{"line":32,"column":40}},"9":{"start":{"line":34,"column":0},"end":{"line":60,"column":4}},"10":{"start":{"line":37,"column":2},"end":{"line":42,"column":3}},"11":{"start":{"line":38,"column":3},"end":{"line":41,"column":6}},"12":{"start":{"line":44,"column":2},"end":{"line":44,"column":23}},"13":{"start":{"line":47,"column":2},"end":{"line":49,"column":3}},"14":{"start":{"line":48,"column":3},"end":{"line":48,"column":19}},"15":{"start":{"line":51,"column":2},"end":{"line":51,"column":17}},"16":{"start":{"line":53,"column":18},"end":{"line":53,"column":46}},"17":{"start":{"line":55,"column":2},"end":{"line":55,"column":60}},"18":{"start":{"line":58,"column":2},"end":{"line":58,"column":56}},"19":{"start":{"line":59,"column":2},"end":{"line":59,"column":18}}},"branchMap":{"1":{"line":37,"type":"if","locations":[{"start":{"line":37,"column":2},"end":{"line":37,"column":2}},{"start":{"line":37,"column":2},"end":{"line":37,"column":2}}]},"2":{"line":47,"type":"if","locations":[{"start":{"line":47,"column":2},"end":{"line":47,"column":2}},{"start":{"line":47,"column":2},"end":{"line":47,"column":2}}]}},"code":["//#!/usr/bin/env node","'use strict';","const logSymbols = require('log-symbols');","const meow = require('meow');","const updateNotifier = require('update-notifier');","const version = require('./lib/version');","const ui = require('./lib/ui');","const np = require('./');","","const cli = meow(`","\tUsage","\t  $ np <version>","","\t  Version can be:","\t    ${version.SEMVER_INCREMENTS.join(' | ')} | 1.2.3","","\tOptions","\t  --any-branch  Allow publishing from any branch","\t  --no-cleanup  Skips cleanup of node_modules","\t  --yolo        Skips cleanup and testing","\t  --no-publish  Skips publishing","\t  --tag         Publish under a given dist-tag","\t  --no-yarn     Don't use Yarn","","\tExamples","\t  $ np","\t  $ np patch","\t  $ np 1.0.2","\t  $ np 1.0.2-beta.3 --tag=beta","`);","","updateNotifier({pkg: cli.pkg}).notify();","","Promise","\t.resolve()","\t.then(() => {","\t\tif (cli.input.length > 0) {","\t\t\treturn Object.assign({}, cli.flags, {","\t\t\t\tconfirm: true,","\t\t\t\tversion: cli.input[0]","\t\t\t});","\t\t}","","\t\treturn ui(cli.flags);","\t})","\t.then(options => {","\t\tif (!options.confirm) {","\t\t\tprocess.exit(0);","\t\t}","","\t\treturn options;","\t})","\t.then(options => np(options.version, options))","\t.then(pkg => {","\t\tconsole.log(`\\n ${pkg.name} ${pkg.version} published 🎉`);","\t})","\t.catch(err => {","\t\tconsole.error(`\\n${logSymbols.error} ${err.message}`);","\t\tprocess.exit(1);","\t});",""],"l":{"3":1,"4":1,"5":1,"6":1,"7":1,"8":1,"10":1,"32":1,"34":1,"37":1,"38":0,"44":1,"47":0,"48":0,"51":0,"53":0,"55":0,"58":0,"59":0}},"/home/travis/build/npmtest/node-npmtest-np/node_modules/np/lib/ui.js":{"path":"/home/travis/build/npmtest/node-npmtest-np/node_modules/np/lib/ui.js","s":{"1":1,"2":1,"3":1,"4":1,"5":1,"6":1,"7":7,"8":7,"9":7,"10":7,"11":7,"12":21,"13":7,"14":7,"15":14,"16":2,"17":2,"18":2,"19":12,"20":7,"21":1,"22":1,"23":1,"24":1,"25":1,"26":7,"27":0,"28":0,"29":0,"30":0,"31":0,"32":0,"33":0,"34":0,"35":0,"36":0,"37":0,"38":0,"39":0,"40":0,"41":0,"42":0,"43":0,"44":0,"45":0,"46":0,"47":0,"48":0,"49":0,"50":0,"51":1,"52":0},"b":{"1":[7,14],"2":[21,11],"3":[2,12],"4":[0,0],"5":[0,0],"6":[0,0],"7":[0,0],"8":[0,0,0],"9":[0,0],"10":[0,0,0,0],"11":[0,0],"12":[0,0],"13":[0,0],"14":[0,0]},"f":{"1":7},"fnMap":{"1":{"name":"prettyVersionDiff","line":8,"loc":{"start":{"line":8,"column":0},"end":{"line":8,"column":44}}}},"statementMap":{"1":{"start":{"line":2,"column":0},"end":{"line":2,"column":31}},"2":{"start":{"line":3,"column":0},"end":{"line":3,"column":37}},"3":{"start":{"line":4,"column":0},"end":{"line":4,"column":31}},"4":{"start":{"line":5,"column":0},"end":{"line":5,"column":31}},"5":{"start":{"line":6,"column":0},"end":{"line":6,"column":37}},"6":{"start":{"line":8,"column":0},"end":{"line":27,"column":1}},"7":{"start":{"line":9,"column":1},"end":{"line":9,"column":70}},"8":{"start":{"line":10,"column":1},"end":{"line":10,"column":36}},"9":{"start":{"line":11,"column":1},"end":{"line":11,"column":32}},"10":{"start":{"line":12,"column":1},"end":{"line":12,"column":19}},"11":{"start":{"line":14,"column":1},"end":{"line":25,"column":2}},"12":{"start":{"line":15,"column":2},"end":{"line":24,"column":3}},"13":{"start":{"line":16,"column":3},"end":{"line":16,"column":51}},"14":{"start":{"line":17,"column":3},"end":{"line":17,"column":29}},"15":{"start":{"line":18,"column":9},"end":{"line":24,"column":3}},"16":{"start":{"line":19,"column":3},"end":{"line":19,"column":23}},"17":{"start":{"line":20,"column":3},"end":{"line":20,"column":41}},"18":{"start":{"line":21,"column":3},"end":{"line":21,"column":73}},"19":{"start":{"line":23,"column":3},"end":{"line":23,"column":47}},"20":{"start":{"line":26,"column":1},"end":{"line":26,"column":42}},"21":{"start":{"line":29,"column":0},"end":{"line":124,"column":2}},"22":{"start":{"line":30,"column":1},"end":{"line":30,"column":28}},"23":{"start":{"line":31,"column":1},"end":{"line":31,"column":32}},"24":{"start":{"line":33,"column":1},"end":{"line":33,"column":109}},"25":{"start":{"line":35,"column":1},"end":{"line":119,"column":3}},"26":{"start":{"line":42,"column":17},"end":{"line":45,"column":5}},"27":{"start":{"line":53,"column":20},"end":{"line":53,"column":105}},"28":{"start":{"line":59,"column":20},"end":{"line":59,"column":36}},"29":{"start":{"line":60,"column":20},"end":{"line":60,"column":106}},"30":{"start":{"line":62,"column":4},"end":{"line":66,"column":5}},"31":{"start":{"line":63,"column":5},"end":{"line":63,"column":89}},"32":{"start":{"line":64,"column":11},"end":{"line":66,"column":5}},"33":{"start":{"line":65,"column":5},"end":{"line":65,"column":57}},"34":{"start":{"line":68,"column":4},"end":{"line":68,"column":16}},"35":{"start":{"line":75,"column":20},"end":{"line":75,"column":96}},"36":{"start":{"line":76,"column":18},"end":{"line":93,"column":6}},"37":{"start":{"line":78,"column":5},"end":{"line":79,"column":39}},"38":{"start":{"line":79,"column":21},"end":{"line":79,"column":37}},"39":{"start":{"line":81,"column":5},"end":{"line":83,"column":6}},"40":{"start":{"line":82,"column":6},"end":{"line":82,"column":42}},"41":{"start":{"line":85,"column":5},"end":{"line":92,"column":9}},"42":{"start":{"line":99,"column":20},"end":{"line":99,"column":112}},"43":{"start":{"line":101,"column":4},"end":{"line":105,"column":5}},"44":{"start":{"line":102,"column":5},"end":{"line":102,"column":57}},"45":{"start":{"line":103,"column":11},"end":{"line":105,"column":5}},"46":{"start":{"line":104,"column":5},"end":{"line":104,"column":133}},"47":{"start":{"line":106,"column":4},"end":{"line":106,"column":16}},"48":{"start":{"line":113,"column":4},"end":{"line":113,"column":43}},"49":{"start":{"line":114,"column":4},"end":{"line":114,"column":72}},"50":{"start":{"line":116,"column":4},"end":{"line":116,"column":109}},"51":{"start":{"line":121,"column":1},"end":{"line":123,"column":56}},"52":{"start":{"line":123,"column":19},"end":{"line":123,"column":54}}},"branchMap":{"1":{"line":15,"type":"if","locations":[{"start":{"line":15,"column":2},"end":{"line":15,"column":2}},{"start":{"line":15,"column":2},"end":{"line":15,"column":2}}]},"2":{"line":15,"type":"binary-expr","locations":[{"start":{"line":15,"column":7},"end":{"line":15,"column":38}},{"start":{"line":15,"column":42},"end":{"line":15,"column":61}}]},"3":{"line":18,"type":"if","locations":[{"start":{"line":18,"column":9},"end":{"line":18,"column":9}},{"start":{"line":18,"column":9},"end":{"line":18,"column":9}}]},"4":{"line":53,"type":"cond-expr","locations":[{"start":{"line":53,"column":57},"end":{"line":53,"column":97}},{"start":{"line":53,"column":100},"end":{"line":53,"column":105}}]},"5":{"line":60,"type":"cond-expr","locations":[{"start":{"line":60,"column":57},"end":{"line":60,"column":98}},{"start":{"line":60,"column":101},"end":{"line":60,"column":106}}]},"6":{"line":62,"type":"if","locations":[{"start":{"line":62,"column":4},"end":{"line":62,"column":4}},{"start":{"line":62,"column":4},"end":{"line":62,"column":4}}]},"7":{"line":64,"type":"if","locations":[{"start":{"line":64,"column":11},"end":{"line":64,"column":11}},{"start":{"line":64,"column":11},"end":{"line":64,"column":11}}]},"8":{"line":75,"type":"binary-expr","locations":[{"start":{"line":75,"column":20},"end":{"line":75,"column":32}},{"start":{"line":75,"column":36},"end":{"line":75,"column":80}},{"start":{"line":75,"column":84},"end":{"line":75,"column":96}}]},"9":{"line":81,"type":"if","locations":[{"start":{"line":81,"column":5},"end":{"line":81,"column":5}},{"start":{"line":81,"column":5},"end":{"line":81,"column":5}}]},"10":{"line":99,"type":"binary-expr","locations":[{"start":{"line":99,"column":20},"end":{"line":99,"column":32}},{"start":{"line":99,"column":36},"end":{"line":99,"column":80}},{"start":{"line":99,"column":84},"end":{"line":99,"column":96}},{"start":{"line":99,"column":100},"end":{"line":99,"column":112}}]},"11":{"line":101,"type":"if","locations":[{"start":{"line":101,"column":4},"end":{"line":101,"column":4}},{"start":{"line":101,"column":4},"end":{"line":101,"column":4}}]},"12":{"line":103,"type":"if","locations":[{"start":{"line":103,"column":11},"end":{"line":103,"column":11}},{"start":{"line":103,"column":11},"end":{"line":103,"column":11}}]},"13":{"line":113,"type":"binary-expr","locations":[{"start":{"line":113,"column":16},"end":{"line":113,"column":27}},{"start":{"line":113,"column":31},"end":{"line":113,"column":42}}]},"14":{"line":114,"type":"cond-expr","locations":[{"start":{"line":114,"column":26},"end":{"line":114,"column":66}},{"start":{"line":114,"column":69},"end":{"line":114,"column":71}}]}},"code":["'use strict';","const execa = require('execa');","const inquirer = require('inquirer');","const chalk = require('chalk');","const util = require('./util');","const version = require('./version');","","function prettyVersionDiff(oldVersion, inc) {","\tconst newVersion = version.getNewVersion(oldVersion, inc).split('.');","\toldVersion = oldVersion.split('.');","\tlet firstVersionChange = false;","\tconst output = [];","","\tfor (let i = 0; i < newVersion.length; i++) {","\t\tif ((newVersion[i] !== oldVersion[i] && !firstVersionChange)) {","\t\t\toutput.push(`${chalk.dim.cyan(newVersion[i])}`);","\t\t\tfirstVersionChange = true;","\t\t} else if (newVersion[i].indexOf('-') >= 1) {","\t\t\tlet preVersion = [];","\t\t\tpreVersion = newVersion[i].split('-');","\t\t\toutput.push(`${chalk.dim.cyan(`${preVersion[0]}-${preVersion[1]}`)}`);","\t\t} else {","\t\t\toutput.push(chalk.reset.dim(newVersion[i]));","\t\t}","\t}","\treturn output.join(chalk.reset.dim('.'));","}","","module.exports = options => {","\tconst pkg = util.readPkg();","\tconst oldVersion = pkg.version;","","\tconsole.log(`\\nPublish a new version of ${chalk.bold.magenta(pkg.name)} ${chalk.dim(`(${oldVersion})`)}\\n`);","","\tconst prompts = [","\t\t{","\t\t\ttype: 'list',","\t\t\tname: 'version',","\t\t\tmessage: 'Select semver increment or specify new version',","\t\t\tpageSize: version.SEMVER_INCREMENTS.length + 2,","\t\t\tchoices: version.SEMVER_INCREMENTS","\t\t\t\t.map(inc => ({","\t\t\t\t\tname: `${inc} \t${prettyVersionDiff(oldVersion, inc)}`,","\t\t\t\t\tvalue: inc","\t\t\t\t}))","\t\t\t\t.concat([","\t\t\t\t\tnew inquirer.Separator(),","\t\t\t\t\t{","\t\t\t\t\t\tname: 'Other (specify)',","\t\t\t\t\t\tvalue: null","\t\t\t\t\t}","\t\t\t\t]),","\t\t\tfilter: input => version.isValidVersionInput(input) ? version.getNewVersion(oldVersion, input) : input","\t\t},","\t\t{","\t\t\ttype: 'input',","\t\t\tname: 'version',","\t\t\tmessage: 'Version',","\t\t\twhen: answers => !answers.version,","\t\t\tfilter: input => version.isValidVersionInput(input) ? version.getNewVersion(pkg.version, input) : input,","\t\t\tvalidate: input => {","\t\t\t\tif (!version.isValidVersionInput(input)) {","\t\t\t\t\treturn 'Please specify a valid semver, for example, `1.2.3`. See http://semver.org';","\t\t\t\t} else if (!version.isVersionGreater(oldVersion, input)) {","\t\t\t\t\treturn `Version must be greater than ${oldVersion}`;","\t\t\t\t}","","\t\t\t\treturn true;","\t\t\t}","\t\t},","\t\t{","\t\t\ttype: 'list',","\t\t\tname: 'tag',","\t\t\tmessage: 'How should this pre-release version be tagged in npm?',","\t\t\twhen: answers => !pkg.private && version.isPrereleaseVersion(answers.version) && !options.tag,","\t\t\tchoices: () => execa.stdout('npm', ['view', '--json', pkg.name, 'dist-tags'])","\t\t\t\t.then(stdout => {","\t\t\t\t\tconst existingPrereleaseTags = Object.keys(JSON.parse(stdout))","\t\t\t\t\t\t.filter(tag => tag !== 'latest');","","\t\t\t\t\tif (existingPrereleaseTags.length === 0) {","\t\t\t\t\t\texistingPrereleaseTags.push('next');","\t\t\t\t\t}","","\t\t\t\t\treturn existingPrereleaseTags","\t\t\t\t\t\t.concat([","\t\t\t\t\t\t\tnew inquirer.Separator(),","\t\t\t\t\t\t\t{","\t\t\t\t\t\t\t\tname: 'Other (specify)',","\t\t\t\t\t\t\t\tvalue: null","\t\t\t\t\t\t\t}","\t\t\t\t\t\t]);","\t\t\t\t})","\t\t},","\t\t{","\t\t\ttype: 'input',","\t\t\tname: 'tag',","\t\t\tmessage: 'Tag',","\t\t\twhen: answers => !pkg.private && version.isPrereleaseVersion(answers.version) && !options.tag && !answers.tag,","\t\t\tvalidate: input => {","\t\t\t\tif (input.length === 0) {","\t\t\t\t\treturn 'Please specify a tag, for example, `next`.';","\t\t\t\t} else if (input.toLowerCase() === 'latest') {","\t\t\t\t\treturn 'It\\'s not possible to publish pre-releases under the `latest` tag. Please specify something else, for example, `next`.';","\t\t\t\t}","\t\t\t\treturn true;","\t\t\t}","\t\t},","\t\t{","\t\t\ttype: 'confirm',","\t\t\tname: 'confirm',","\t\t\tmessage: answers => {","\t\t\t\tconst tag = answers.tag || options.tag;","\t\t\t\tconst tagPart = tag ? ` and tag this release in npm as ${tag}` : '';","","\t\t\t\treturn `Will bump from ${chalk.cyan(oldVersion)} to ${chalk.cyan(answers.version + tagPart)}. Continue?`;","\t\t\t}","\t\t}","\t];","","\treturn inquirer","\t\t.prompt(prompts)","\t\t.then(answers => Object.assign({}, options, answers));","};",""],"l":{"2":1,"3":1,"4":1,"5":1,"6":1,"8":1,"9":7,"10":7,"11":7,"12":7,"14":7,"15":21,"16":7,"17":7,"18":14,"19":2,"20":2,"21":2,"23":12,"26":7,"29":1,"30":1,"31":1,"33":1,"35":1,"42":7,"53":0,"59":0,"60":0,"62":0,"63":0,"64":0,"65":0,"68":0,"75":0,"76":0,"78":0,"79":0,"81":0,"82":0,"85":0,"99":0,"101":0,"102":0,"103":0,"104":0,"106":0,"113":0,"114":0,"116":0,"121":1,"123":0}}}